{"meta": {"format": 3, "version": "7.11.0", "timestamp": "2025-10-18T02:59:53.334903", "branch_coverage": true, "show_contexts": false}, "files": {"deploy/common/app/src/jsa/__init__.py": {"executed_lines": [1, 8, 10, 11, 13, 18, 24, 26, 27, 28, 29, 30, 35], "summary": {"covered_lines": 12, "num_statements": 12, "percent_covered": 100.0, "percent_covered_display": "100.00", "missing_lines": 0, "excluded_lines": 2, "num_branches": 0, "num_partial_branches": 0, "covered_branches": 0, "missing_branches": 0}, "missing_lines": [], "excluded_lines": [31, 32], "executed_branches": [], "missing_branches": [], "functions": {"_get_version": {"executed_lines": [24, 26, 27, 28, 29, 30], "summary": {"covered_lines": 6, "num_statements": 6, "percent_covered": 100.0, "percent_covered_display": "100.00", "missing_lines": 0, "excluded_lines": 2, "num_branches": 0, "num_partial_branches": 0, "covered_branches": 0, "missing_branches": 0}, "missing_lines": [], "excluded_lines": [31, 32], "executed_branches": [], "missing_branches": []}, "": {"executed_lines": [1, 8, 10, 11, 13, 18, 35], "summary": {"covered_lines": 6, "num_statements": 6, "percent_covered": 100.0, "percent_covered_display": "100.00", "missing_lines": 0, "excluded_lines": 0, "num_branches": 0, "num_partial_branches": 0, "covered_branches": 0, "missing_branches": 0}, "missing_lines": [], "excluded_lines": [], "executed_branches": [], "missing_branches": []}}, "classes": {"": {"executed_lines": [1, 8, 10, 11, 13, 18, 24, 26, 27, 28, 29, 30, 35], "summary": {"covered_lines": 12, "num_statements": 12, "percent_covered": 100.0, "percent_covered_display": "100.00", "missing_lines": 0, "excluded_lines": 2, "num_branches": 0, "num_partial_branches": 0, "covered_branches": 0, "missing_branches": 0}, "missing_lines": [], "excluded_lines": [31, 32], "executed_branches": [], "missing_branches": []}}}, "deploy/common/app/src/jsa/auto_update.py": {"executed_lines": [1, 31, 32, 33, 34, 35, 36, 38, 39, 40, 41, 43, 46, 47, 48, 50, 51, 52, 53, 55, 57, 58, 59, 60, 62, 63, 73, 76, 77, 79, 80, 83, 84, 85, 87, 89, 91, 94, 99, 100, 105, 109, 110, 111, 112, 115, 117, 119, 121, 129, 130, 131, 133, 134, 135, 136, 137, 138, 139, 140, 141, 142, 145, 146, 148, 149, 150, 152, 161, 229, 250, 275, 340, 472, 500, 566, 591, 612], "summary": {"covered_lines": 73, "num_statements": 257, "percent_covered": 26.747720364741642, "percent_covered_display": "26.75", "missing_lines": 184, "excluded_lines": 2, "num_branches": 72, "num_partial_branches": 1, "covered_branches": 15, "missing_branches": 57}, "missing_lines": [120, 158, 159, 173, 175, 176, 177, 179, 180, 182, 183, 184, 185, 186, 188, 191, 192, 195, 198, 200, 214, 216, 217, 218, 220, 222, 223, 224, 225, 226, 227, 238, 247, 248, 259, 262, 268, 269, 270, 271, 273, 281, 284, 285, 296, 304, 307, 308, 309, 311, 312, 313, 319, 320, 321, 322, 324, 326, 327, 329, 330, 333, 334, 335, 336, 337, 338, 358, 359, 366, 368, 370, 372, 373, 375, 376, 381, 384, 387, 388, 390, 397, 398, 399, 401, 404, 405, 406, 413, 414, 415, 417, 420, 421, 422, 423, 424, 425, 428, 429, 441, 443, 445, 446, 449, 450, 451, 452, 453, 455, 456, 457, 458, 459, 460, 461, 462, 463, 465, 466, 467, 469, 470, 480, 481, 482, 489, 492, 493, 494, 496, 498, 510, 512, 514, 515, 516, 519, 522, 523, 524, 526, 527, 530, 532, 533, 538, 540, 541, 542, 544, 546, 547, 548, 549, 550, 553, 554, 555, 556, 559, 560, 561, 563, 564, 572, 573, 575, 576, 577, 578, 580, 582, 584, 585, 587, 588, 593, 596, 598, 599, 600, 607, 609], "excluded_lines": [612, 613], "executed_branches": [[58, 59], [58, 60], [76, 77], [76, 79], [84, 85], [84, 87], [94, 99], [94, 100], [100, 105], [100, 109], [109, 110], [109, 111], [111, 112], [111, 115], [119, 121]], "missing_branches": [[119, 120], [176, 177], [176, 179], [182, 183], [182, 188], [184, 185], [184, 186], [214, 216], [214, 220], [216, 217], [216, 218], [268, 269], [268, 273], [270, 268], [270, 271], [284, 285], [284, 296], [319, 320], [319, 321], [321, 322], [321, 324], [326, 327], [326, 329], [333, 334], [333, 338], [336, 337], [336, 338], [397, 398], [397, 401], [413, 414], [413, 417], [449, 450], [449, 465], [493, -472], [493, 494], [512, 514], [512, 519], [514, 515], [514, 516], [522, 523], [522, 530], [523, 524], [523, 526], [532, 533], [532, 538], [546, 547], [546, 548], [548, 549], [548, 563], [549, 550], [549, 559], [554, 555], [554, 559], [576, 577], [576, 580], [598, 599], [598, 609]], "functions": {"Version.__str__": {"executed_lines": [57, 58, 59, 60], "summary": {"covered_lines": 4, "num_statements": 4, "percent_covered": 100.0, "percent_covered_display": "100.00", "missing_lines": 0, "excluded_lines": 0, "num_branches": 2, "num_partial_branches": 0, "covered_branches": 2, "missing_branches": 0}, "missing_lines": [], "excluded_lines": [], "executed_branches": [[58, 59], [58, 60]], "missing_branches": []}, "Version.parse": {"executed_lines": [73, 76, 77, 79, 80, 83, 84, 85, 87, 89], "summary": {"covered_lines": 10, "num_statements": 10, "percent_covered": 100.0, "percent_covered_display": "100.00", "missing_lines": 0, "excluded_lines": 0, "num_branches": 4, "num_partial_branches": 0, "covered_branches": 4, "missing_branches": 0}, "missing_lines": [], "excluded_lines": [], "executed_branches": [[76, 77], [76, 79], [84, 85], [84, 87]], "missing_branches": []}, "Version.__lt__": {"executed_lines": [94, 99, 100, 105, 109, 110, 111, 112, 115], "summary": {"covered_lines": 9, "num_statements": 9, "percent_covered": 100.0, "percent_covered_display": "100.00", "missing_lines": 0, "excluded_lines": 0, "num_branches": 8, "num_partial_branches": 0, "covered_branches": 8, "missing_branches": 0}, "missing_lines": [], "excluded_lines": [], "executed_branches": [[94, 99], [94, 100], [100, 105], [100, 109], [109, 110], [109, 111], [111, 112], [111, 115]], "missing_branches": []}, "Version.__eq__": {"executed_lines": [119, 121], "summary": {"covered_lines": 2, "num_statements": 3, "percent_covered": 60.0, "percent_covered_display": "60.00", "missing_lines": 1, "excluded_lines": 0, "num_branches": 2, "num_partial_branches": 1, "covered_branches": 1, "missing_branches": 1}, "missing_lines": [120], "excluded_lines": [], "executed_branches": [[119, 121]], "missing_branches": [[119, 120]]}, "AutoUpdater.__init__": {"executed_lines": [], "summary": {"covered_lines": 0, "num_statements": 2, "percent_covered": 0.0, "percent_covered_display": "0.00", "missing_lines": 2, "excluded_lines": 0, "num_branches": 0, "num_partial_branches": 0, "covered_branches": 0, "missing_branches": 0}, "missing_lines": [158, 159], "excluded_lines": [], "executed_branches": [], "missing_branches": []}, "AutoUpdater.check_for_updates": {"executed_lines": [], "summary": {"covered_lines": 0, "num_statements": 28, "percent_covered": 0.0, "percent_covered_display": "0.00", "missing_lines": 28, "excluded_lines": 0, "num_branches": 10, "num_partial_branches": 0, "covered_branches": 0, "missing_branches": 10}, "missing_lines": [173, 175, 176, 177, 179, 180, 182, 183, 184, 185, 186, 188, 191, 192, 195, 198, 200, 214, 216, 217, 218, 220, 222, 223, 224, 225, 226, 227], "excluded_lines": [], "executed_branches": [], "missing_branches": [[176, 177], [176, 179], [182, 183], [182, 188], [184, 185], [184, 186], [214, 216], [214, 220], [216, 217], [216, 218]]}, "AutoUpdater._is_security_update": {"executed_lines": [], "summary": {"covered_lines": 0, "num_statements": 3, "percent_covered": 0.0, "percent_covered_display": "0.00", "missing_lines": 3, "excluded_lines": 0, "num_branches": 0, "num_partial_branches": 0, "covered_branches": 0, "missing_branches": 0}, "missing_lines": [238, 247, 248], "excluded_lines": [], "executed_branches": [], "missing_branches": []}, "AutoUpdater._extract_checksum": {"executed_lines": [], "summary": {"covered_lines": 0, "num_statements": 7, "percent_covered": 0.0, "percent_covered_display": "0.00", "missing_lines": 7, "excluded_lines": 0, "num_branches": 4, "num_partial_branches": 0, "covered_branches": 0, "missing_branches": 4}, "missing_lines": [259, 262, 268, 269, 270, 271, 273], "excluded_lines": [], "executed_branches": [], "missing_branches": [[268, 269], [268, 273], [270, 268], [270, 271]]}, "AutoUpdater.display_update_info": {"executed_lines": [], "summary": {"covered_lines": 0, "num_statements": 26, "percent_covered": 0.0, "percent_covered_display": "0.00", "missing_lines": 26, "excluded_lines": 0, "num_branches": 12, "num_partial_branches": 0, "covered_branches": 0, "missing_branches": 12}, "missing_lines": [281, 284, 285, 296, 304, 307, 308, 309, 311, 312, 313, 319, 320, 321, 322, 324, 326, 327, 329, 330, 333, 334, 335, 336, 337, 338], "excluded_lines": [], "executed_branches": [], "missing_branches": [[284, 285], [284, 296], [319, 320], [319, 321], [321, 322], [321, 324], [326, 327], [326, 329], [333, 334], [333, 338], [336, 337], [336, 338]]}, "AutoUpdater.update": {"executed_lines": [], "summary": {"covered_lines": 0, "num_statements": 56, "percent_covered": 0.0, "percent_covered_display": "0.00", "missing_lines": 56, "excluded_lines": 0, "num_branches": 6, "num_partial_branches": 0, "covered_branches": 0, "missing_branches": 6}, "missing_lines": [358, 359, 366, 368, 370, 372, 373, 375, 376, 381, 384, 387, 388, 390, 397, 398, 399, 401, 404, 405, 406, 413, 414, 415, 417, 420, 421, 422, 423, 424, 425, 428, 429, 441, 443, 445, 446, 449, 450, 451, 452, 453, 455, 456, 457, 458, 459, 460, 461, 462, 463, 465, 466, 467, 469, 470], "excluded_lines": [], "executed_branches": [], "missing_branches": [[397, 398], [397, 401], [413, 414], [413, 417], [449, 450], [449, 465]]}, "AutoUpdater._run_security_scan": {"executed_lines": [], "summary": {"covered_lines": 0, "num_statements": 9, "percent_covered": 0.0, "percent_covered_display": "0.00", "missing_lines": 9, "excluded_lines": 0, "num_branches": 2, "num_partial_branches": 0, "covered_branches": 0, "missing_branches": 2}, "missing_lines": [480, 481, 482, 489, 492, 493, 494, 496, 498], "excluded_lines": [], "executed_branches": [], "missing_branches": [[493, -472], [493, 494]]}, "AutoUpdater.check_and_prompt": {"executed_lines": [], "summary": {"covered_lines": 0, "num_statements": 33, "percent_covered": 0.0, "percent_covered_display": "0.00", "missing_lines": 33, "excluded_lines": 0, "num_branches": 18, "num_partial_branches": 0, "covered_branches": 0, "missing_branches": 18}, "missing_lines": [510, 512, 514, 515, 516, 519, 522, 523, 524, 526, 527, 530, 532, 533, 538, 540, 541, 542, 544, 546, 547, 548, 549, 550, 553, 554, 555, 556, 559, 560, 561, 563, 564], "excluded_lines": [], "executed_branches": [], "missing_branches": [[512, 514], [512, 519], [514, 515], [514, 516], [522, 523], [522, 530], [523, 524], [523, 526], [532, 533], [532, 538], [546, 547], [546, 548], [548, 549], [548, 563], [549, 550], [549, 559], [554, 555], [554, 559]]}, "AutoUpdater._mark_version_skipped": {"executed_lines": [], "summary": {"covered_lines": 0, "num_statements": 12, "percent_covered": 0.0, "percent_covered_display": "0.00", "missing_lines": 12, "excluded_lines": 0, "num_branches": 2, "num_partial_branches": 0, "covered_branches": 0, "missing_branches": 2}, "missing_lines": [572, 573, 575, 576, 577, 578, 580, 582, 584, 585, 587, 588], "excluded_lines": [], "executed_branches": [], "missing_branches": [[576, 577], [576, 580]]}, "main": {"executed_lines": [], "summary": {"covered_lines": 0, "num_statements": 7, "percent_covered": 0.0, "percent_covered_display": "0.00", "missing_lines": 7, "excluded_lines": 0, "num_branches": 2, "num_partial_branches": 0, "covered_branches": 0, "missing_branches": 2}, "missing_lines": [593, 596, 598, 599, 600, 607, 609], "excluded_lines": [], "executed_branches": [], "missing_branches": [[598, 599], [598, 609]]}, "": {"executed_lines": [1, 31, 32, 33, 34, 35, 36, 38, 39, 40, 41, 43, 46, 47, 48, 50, 51, 52, 53, 55, 62, 63, 91, 117, 129, 130, 131, 133, 134, 135, 136, 137, 138, 139, 140, 141, 142, 145, 146, 148, 149, 150, 152, 161, 229, 250, 275, 340, 472, 500, 566, 591, 612], "summary": {"covered_lines": 48, "num_statements": 48, "percent_covered": 100.0, "percent_covered_display": "100.00", "missing_lines": 0, "excluded_lines": 2, "num_branches": 0, "num_partial_branches": 0, "covered_branches": 0, "missing_branches": 0}, "missing_lines": [], "excluded_lines": [612, 613], "executed_branches": [], "missing_branches": []}}, "classes": {"Version": {"executed_lines": [57, 58, 59, 60, 73, 76, 77, 79, 80, 83, 84, 85, 87, 89, 94, 99, 100, 105, 109, 110, 111, 112, 115, 119, 121], "summary": {"covered_lines": 25, "num_statements": 26, "percent_covered": 95.23809523809524, "percent_covered_display": "95.24", "missing_lines": 1, "excluded_lines": 0, "num_branches": 16, "num_partial_branches": 1, "covered_branches": 15, "missing_branches": 1}, "missing_lines": [120], "excluded_lines": [], "executed_branches": [[58, 59], [58, 60], [76, 77], [76, 79], [84, 85], [84, 87], [94, 99], [94, 100], [100, 105], [100, 109], [109, 110], [109, 111], [111, 112], [111, 115], [119, 121]], "missing_branches": [[119, 120]]}, "ReleaseInfo": {"executed_lines": [], "summary": {"covered_lines": 0, "num_statements": 0, "percent_covered": 100.0, "percent_covered_display": "100.00", "missing_lines": 0, "excluded_lines": 0, "num_branches": 0, "num_partial_branches": 0, "covered_branches": 0, "missing_branches": 0}, "missing_lines": [], "excluded_lines": [], "executed_branches": [], "missing_branches": []}, "AutoUpdater": {"executed_lines": [], "summary": {"covered_lines": 0, "num_statements": 176, "percent_covered": 0.0, "percent_covered_display": "0.00", "missing_lines": 176, "excluded_lines": 0, "num_branches": 54, "num_partial_branches": 0, "covered_branches": 0, "missing_branches": 54}, "missing_lines": [158, 159, 173, 175, 176, 177, 179, 180, 182, 183, 184, 185, 186, 188, 191, 192, 195, 198, 200, 214, 216, 217, 218, 220, 222, 223, 224, 225, 226, 227, 238, 247, 248, 259, 262, 268, 269, 270, 271, 273, 281, 284, 285, 296, 304, 307, 308, 309, 311, 312, 313, 319, 320, 321, 322, 324, 326, 327, 329, 330, 333, 334, 335, 336, 337, 338, 358, 359, 366, 368, 370, 372, 373, 375, 376, 381, 384, 387, 388, 390, 397, 398, 399, 401, 404, 405, 406, 413, 414, 415, 417, 420, 421, 422, 423, 424, 425, 428, 429, 441, 443, 445, 446, 449, 450, 451, 452, 453, 455, 456, 457, 458, 459, 460, 461, 462, 463, 465, 466, 467, 469, 470, 480, 481, 482, 489, 492, 493, 494, 496, 498, 510, 512, 514, 515, 516, 519, 522, 523, 524, 526, 527, 530, 532, 533, 538, 540, 541, 542, 544, 546, 547, 548, 549, 550, 553, 554, 555, 556, 559, 560, 561, 563, 564, 572, 573, 575, 576, 577, 578, 580, 582, 584, 585, 587, 588], "excluded_lines": [], "executed_branches": [], "missing_branches": [[176, 177], [176, 179], [182, 183], [182, 188], [184, 185], [184, 186], [214, 216], [214, 220], [216, 217], [216, 218], [268, 269], [268, 273], [270, 268], [270, 271], [284, 285], [284, 296], [319, 320], [319, 321], [321, 322], [321, 324], [326, 327], [326, 329], [333, 334], [333, 338], [336, 337], [336, 338], [397, 398], [397, 401], [413, 414], [413, 417], [449, 450], [449, 465], [493, -472], [493, 494], [512, 514], [512, 519], [514, 515], [514, 516], [522, 523], [522, 530], [523, 524], [523, 526], [532, 533], [532, 538], [546, 547], [546, 548], [548, 549], [548, 563], [549, 550], [549, 559], [554, 555], [554, 559], [576, 577], [576, 580]]}, "": {"executed_lines": [1, 31, 32, 33, 34, 35, 36, 38, 39, 40, 41, 43, 46, 47, 48, 50, 51, 52, 53, 55, 62, 63, 91, 117, 129, 130, 131, 133, 134, 135, 136, 137, 138, 139, 140, 141, 142, 145, 146, 148, 149, 150, 152, 161, 229, 250, 275, 340, 472, 500, 566, 591, 612], "summary": {"covered_lines": 48, "num_statements": 55, "percent_covered": 84.21052631578948, "percent_covered_display": "84.21", "missing_lines": 7, "excluded_lines": 2, "num_branches": 2, "num_partial_branches": 0, "covered_branches": 0, "missing_branches": 2}, "missing_lines": [593, 596, 598, 599, 600, 607, 609], "excluded_lines": [612, 613], "executed_branches": [], "missing_branches": [[598, 599], [598, 609]]}}}, "deploy/common/app/src/jsa/backup_restore.py": {"executed_lines": [], "summary": {"covered_lines": 0, "num_statements": 183, "percent_covered": 0.0, "percent_covered_display": "0.00", "missing_lines": 183, "excluded_lines": 2, "num_branches": 52, "num_partial_branches": 0, "covered_branches": 0, "missing_branches": 52}, "missing_lines": [24, 25, 26, 27, 28, 29, 30, 31, 32, 33, 35, 36, 37, 38, 40, 43, 44, 47, 48, 49, 50, 51, 52, 53, 54, 55, 57, 59, 60, 61, 62, 65, 68, 74, 75, 76, 79, 80, 81, 83, 92, 93, 94, 95, 96, 98, 104, 107, 108, 109, 110, 111, 122, 123, 124, 125, 126, 137, 138, 139, 140, 148, 150, 167, 168, 169, 171, 173, 174, 180, 183, 185, 186, 187, 188, 189, 200, 208, 213, 216, 217, 218, 219, 220, 221, 224, 225, 227, 230, 231, 232, 233, 234, 237, 240, 241, 242, 243, 245, 246, 247, 249, 250, 251, 252, 253, 254, 256, 257, 259, 261, 267, 269, 270, 271, 282, 284, 286, 288, 290, 291, 297, 299, 300, 301, 302, 303, 304, 306, 307, 308, 309, 311, 312, 313, 314, 315, 317, 318, 320, 330, 332, 333, 334, 336, 337, 343, 346, 351, 353, 355, 356, 357, 358, 359, 360, 362, 365, 366, 367, 369, 370, 371, 372, 373, 378, 379, 380, 382, 383, 384, 385, 386, 387, 388, 390, 392, 393, 394, 396, 399, 401, 402], "excluded_lines": [405, 406], "executed_branches": [], "missing_branches": [[59, 60], [59, 61], [61, -57], [61, 62], [94, 95], [94, 96], [107, 108], [107, 122], [108, 109], [108, 122], [109, 108], [109, 110], [122, 123], [122, 137], [123, 124], [123, 137], [124, 123], [124, 125], [138, 139], [138, 148], [167, 168], [167, 171], [185, 186], [185, 200], [186, 187], [186, 200], [187, 186], [187, 188], [218, 219], [218, 230], [220, 218], [220, 221], [269, 270], [269, 282], [299, 300], [299, 306], [311, 312], [311, 317], [332, 333], [332, 336], [357, 358], [357, 360], [365, 366], [365, 378], [378, 379], [378, 392], [382, 383], [382, 392], [384, 385], [384, 390], [386, 382], [386, 387]], "functions": {"BackupMetadata.__post_init__": {"executed_lines": [], "summary": {"covered_lines": 0, "num_statements": 4, "percent_covered": 0.0, "percent_covered_display": "0.00", "missing_lines": 4, "excluded_lines": 0, "num_branches": 4, "num_partial_branches": 0, "covered_branches": 0, "missing_branches": 4}, "missing_lines": [59, 60, 61, 62], "excluded_lines": [], "executed_branches": [], "missing_branches": [[59, 60], [59, 61], [61, -57], [61, 62]]}, "BackupManager.__init__": {"executed_lines": [], "summary": {"covered_lines": 0, "num_statements": 6, "percent_covered": 0.0, "percent_covered_display": "0.00", "missing_lines": 6, "excluded_lines": 0, "num_branches": 0, "num_partial_branches": 0, "covered_branches": 0, "missing_branches": 0}, "missing_lines": [74, 75, 76, 79, 80, 81], "excluded_lines": [], "executed_branches": [], "missing_branches": []}, "BackupManager.calculate_checksum": {"executed_lines": [], "summary": {"covered_lines": 0, "num_statements": 5, "percent_covered": 0.0, "percent_covered_display": "0.00", "missing_lines": 5, "excluded_lines": 0, "num_branches": 2, "num_partial_branches": 0, "covered_branches": 0, "missing_branches": 2}, "missing_lines": [92, 93, 94, 95, 96], "excluded_lines": [], "executed_branches": [], "missing_branches": [[94, 95], [94, 96]]}, "BackupManager.get_files_to_backup": {"executed_lines": [], "summary": {"covered_lines": 0, "num_statements": 16, "percent_covered": 0.0, "percent_covered_display": "0.00", "missing_lines": 16, "excluded_lines": 0, "num_branches": 14, "num_partial_branches": 0, "covered_branches": 0, "missing_branches": 14}, "missing_lines": [104, 107, 108, 109, 110, 111, 122, 123, 124, 125, 126, 137, 138, 139, 140, 148], "excluded_lines": [], "executed_branches": [], "missing_branches": [[107, 108], [107, 122], [108, 109], [108, 122], [109, 108], [109, 110], [122, 123], [122, 137], [123, 124], [123, 137], [124, 123], [124, 125], [138, 139], [138, 148]]}, "BackupManager.create_backup": {"executed_lines": [], "summary": {"covered_lines": 0, "num_statements": 47, "percent_covered": 0.0, "percent_covered_display": "0.00", "missing_lines": 47, "excluded_lines": 0, "num_branches": 12, "num_partial_branches": 0, "covered_branches": 0, "missing_branches": 12}, "missing_lines": [167, 168, 169, 171, 173, 174, 180, 183, 185, 186, 187, 188, 189, 200, 208, 213, 216, 217, 218, 219, 220, 221, 224, 225, 227, 230, 231, 232, 233, 234, 237, 240, 241, 242, 243, 245, 246, 247, 249, 250, 251, 252, 253, 254, 256, 257, 259], "excluded_lines": [], "executed_branches": [], "missing_branches": [[167, 168], [167, 171], [185, 186], [185, 200], [186, 187], [186, 200], [187, 186], [187, 188], [218, 219], [218, 230], [220, 218], [220, 221]]}, "BackupManager.list_backups": {"executed_lines": [], "summary": {"covered_lines": 0, "num_statements": 6, "percent_covered": 0.0, "percent_covered_display": "0.00", "missing_lines": 6, "excluded_lines": 0, "num_branches": 2, "num_partial_branches": 0, "covered_branches": 0, "missing_branches": 2}, "missing_lines": [267, 269, 270, 271, 282, 284], "excluded_lines": [], "executed_branches": [], "missing_branches": [[269, 270], [269, 282]]}, "BackupManager.display_backups": {"executed_lines": [], "summary": {"covered_lines": 0, "num_statements": 21, "percent_covered": 0.0, "percent_covered_display": "0.00", "missing_lines": 21, "excluded_lines": 0, "num_branches": 4, "num_partial_branches": 0, "covered_branches": 0, "missing_branches": 4}, "missing_lines": [288, 290, 291, 297, 299, 300, 301, 302, 303, 304, 306, 307, 308, 309, 311, 312, 313, 314, 315, 317, 318], "excluded_lines": [], "executed_branches": [], "missing_branches": [[299, 300], [299, 306], [311, 312], [311, 317]]}, "BackupManager.restore_backup": {"executed_lines": [], "summary": {"covered_lines": 0, "num_statements": 40, "percent_covered": 0.0, "percent_covered_display": "0.00", "missing_lines": 40, "excluded_lines": 0, "num_branches": 14, "num_partial_branches": 0, "covered_branches": 0, "missing_branches": 14}, "missing_lines": [330, 332, 333, 334, 336, 337, 343, 346, 351, 353, 355, 356, 357, 358, 359, 360, 362, 365, 366, 367, 369, 370, 371, 372, 373, 378, 379, 380, 382, 383, 384, 385, 386, 387, 388, 390, 392, 393, 394, 396], "excluded_lines": [], "executed_branches": [], "missing_branches": [[332, 333], [332, 336], [357, 358], [357, 360], [365, 366], [365, 378], [378, 379], [378, 392], [382, 383], [382, 392], [384, 385], [384, 390], [386, 382], [386, 387]]}, "main": {"executed_lines": [], "summary": {"covered_lines": 0, "num_statements": 2, "percent_covered": 0.0, "percent_covered_display": "0.00", "missing_lines": 2, "excluded_lines": 0, "num_branches": 0, "num_partial_branches": 0, "covered_branches": 0, "missing_branches": 0}, "missing_lines": [401, 402], "excluded_lines": [], "executed_branches": [], "missing_branches": []}, "": {"executed_lines": [], "summary": {"covered_lines": 0, "num_statements": 36, "percent_covered": 0.0, "percent_covered_display": "0.00", "missing_lines": 36, "excluded_lines": 2, "num_branches": 0, "num_partial_branches": 0, "covered_branches": 0, "missing_branches": 0}, "missing_lines": [24, 25, 26, 27, 28, 29, 30, 31, 32, 33, 35, 36, 37, 38, 40, 43, 44, 47, 48, 49, 50, 51, 52, 53, 54, 55, 57, 65, 68, 83, 98, 150, 261, 286, 320, 399], "excluded_lines": [405, 406], "executed_branches": [], "missing_branches": []}}, "classes": {"BackupMetadata": {"executed_lines": [], "summary": {"covered_lines": 0, "num_statements": 4, "percent_covered": 0.0, "percent_covered_display": "0.00", "missing_lines": 4, "excluded_lines": 0, "num_branches": 4, "num_partial_branches": 0, "covered_branches": 0, "missing_branches": 4}, "missing_lines": [59, 60, 61, 62], "excluded_lines": [], "executed_branches": [], "missing_branches": [[59, 60], [59, 61], [61, -57], [61, 62]]}, "BackupManager": {"executed_lines": [], "summary": {"covered_lines": 0, "num_statements": 141, "percent_covered": 0.0, "percent_covered_display": "0.00", "missing_lines": 141, "excluded_lines": 0, "num_branches": 48, "num_partial_branches": 0, "covered_branches": 0, "missing_branches": 48}, "missing_lines": [74, 75, 76, 79, 80, 81, 92, 93, 94, 95, 96, 104, 107, 108, 109, 110, 111, 122, 123, 124, 125, 126, 137, 138, 139, 140, 148, 167, 168, 169, 171, 173, 174, 180, 183, 185, 186, 187, 188, 189, 200, 208, 213, 216, 217, 218, 219, 220, 221, 224, 225, 227, 230, 231, 232, 233, 234, 237, 240, 241, 242, 243, 245, 246, 247, 249, 250, 251, 252, 253, 254, 256, 257, 259, 267, 269, 270, 271, 282, 284, 288, 290, 291, 297, 299, 300, 301, 302, 303, 304, 306, 307, 308, 309, 311, 312, 313, 314, 315, 317, 318, 330, 332, 333, 334, 336, 337, 343, 346, 351, 353, 355, 356, 357, 358, 359, 360, 362, 365, 366, 367, 369, 370, 371, 372, 373, 378, 379, 380, 382, 383, 384, 385, 386, 387, 388, 390, 392, 393, 394, 396], "excluded_lines": [], "executed_branches": [], "missing_branches": [[94, 95], [94, 96], [107, 108], [107, 122], [108, 109], [108, 122], [109, 108], [109, 110], [122, 123], [122, 137], [123, 124], [123, 137], [124, 123], [124, 125], [138, 139], [138, 148], [167, 168], [167, 171], [185, 186], [185, 200], [186, 187], [186, 200], [187, 186], [187, 188], [218, 219], [218, 230], [220, 218], [220, 221], [269, 270], [269, 282], [299, 300], [299, 306], [311, 312], [311, 317], [332, 333], [332, 336], [357, 358], [357, 360], [365, 366], [365, 378], [378, 379], [378, 392], [382, 383], [382, 392], [384, 385], [384, 390], [386, 382], [386, 387]]}, "": {"executed_lines": [], "summary": {"covered_lines": 0, "num_statements": 38, "percent_covered": 0.0, "percent_covered_display": "0.00", "missing_lines": 38, "excluded_lines": 2, "num_branches": 0, "num_partial_branches": 0, "covered_branches": 0, "missing_branches": 0}, "missing_lines": [24, 25, 26, 27, 28, 29, 30, 31, 32, 33, 35, 36, 37, 38, 40, 43, 44, 47, 48, 49, 50, 51, 52, 53, 54, 55, 57, 65, 68, 83, 98, 150, 261, 286, 320, 399, 401, 402], "excluded_lines": [405, 406], "executed_branches": [], "missing_branches": []}}}, "deploy/common/app/src/jsa/cli.py": {"executed_lines": [1, 3, 4, 5, 6, 7, 8, 10, 11, 14, 42, 74, 112, 138, 139, 141, 142, 145, 146, 147, 163, 164, 165, 167, 168, 170, 171, 187, 188, 189, 190, 191, 192, 193, 194, 195, 201, 203, 205, 206, 209, 224, 232, 274, 288, 326, 381, 404, 422, 443, 508, 509, 514, 516, 525, 527, 533, 538, 540, 546, 547, 548, 550, 556, 559, 560, 563, 570, 573, 582, 587, 590, 596, 602, 604, 610, 616, 618, 624, 625, 628, 635, 638, 641, 648, 653, 656, 664, 669, 674, 679, 684, 687, 694, 696, 700, 705, 710, 715, 717, 721, 723, 727, 732, 737, 740, 747, 749, 752, 753, 754, 755, 756, 759], "summary": {"covered_lines": 113, "num_statements": 384, "percent_covered": 27.66990291262136, "percent_covered_display": "27.67", "missing_lines": 271, "excluded_lines": 2, "num_branches": 28, "num_partial_branches": 1, "covered_branches": 1, "missing_branches": 27}, "missing_lines": [16, 18, 19, 20, 21, 22, 23, 24, 25, 26, 27, 28, 29, 30, 31, 32, 34, 35, 36, 37, 38, 39, 51, 52, 54, 55, 56, 58, 59, 60, 62, 64, 66, 67, 68, 70, 71, 83, 84, 85, 87, 89, 90, 91, 92, 93, 95, 97, 98, 99, 102, 104, 105, 106, 108, 109, 121, 122, 124, 127, 128, 130, 131, 132, 134, 135, 148, 149, 150, 151, 152, 153, 154, 155, 156, 157, 158, 159, 160, 172, 173, 174, 175, 176, 177, 178, 179, 180, 181, 182, 184, 196, 197, 198, 211, 212, 213, 218, 219, 220, 221, 226, 228, 229, 234, 235, 236, 237, 238, 239, 241, 242, 244, 245, 246, 247, 248, 249, 256, 257, 258, 259, 260, 261, 262, 263, 264, 266, 267, 268, 269, 270, 271, 276, 278, 280, 281, 282, 283, 284, 285, 290, 291, 293, 295, 296, 300, 301, 302, 303, 304, 306, 307, 309, 310, 312, 315, 317, 318, 319, 320, 321, 322, 323, 328, 329, 331, 333, 334, 335, 336, 338, 339, 341, 365, 366, 367, 369, 370, 372, 373, 374, 375, 376, 377, 378, 383, 384, 386, 387, 392, 393, 395, 396, 397, 398, 399, 400, 401, 406, 407, 409, 410, 411, 413, 414, 415, 416, 417, 418, 419, 424, 425, 427, 428, 432, 434, 435, 436, 437, 438, 439, 440, 445, 448, 449, 450, 451, 452, 453, 454, 455, 458, 459, 460, 462, 463, 464, 466, 468, 469, 471, 473, 474, 475, 477, 479, 480, 481, 482, 483, 484, 485, 486, 488, 490, 491, 492, 493, 494, 495, 496, 497, 498, 499, 500, 501, 502, 503, 504, 505], "excluded_lines": [759, 760], "executed_branches": [[163, 164]], "missing_branches": [[30, 31], [30, 34], [58, 59], [58, 64], [89, 90], [89, 95], [163, 184], [178, 179], [178, 180], [262, 263], [262, 266], [295, 296], [295, 312], [300, 301], [300, 306], [306, 307], [306, 309], [333, 334], [333, 369], [449, 450], [449, 458], [462, 463], [462, 466], [471, 473], [471, 477], [479, 480], [479, 488]], "functions": {"_cmd_web": {"executed_lines": [], "summary": {"covered_lines": 0, "num_statements": 22, "percent_covered": 0.0, "percent_covered_display": "0.00", "missing_lines": 22, "excluded_lines": 0, "num_branches": 2, "num_partial_branches": 0, "covered_branches": 0, "missing_branches": 2}, "missing_lines": [16, 18, 19, 20, 21, 22, 23, 24, 25, 26, 27, 28, 29, 30, 31, 32, 34, 35, 36, 37, 38, 39], "excluded_lines": [], "executed_branches": [], "missing_branches": [[30, 31], [30, 34]]}, "_cmd_preflight": {"executed_lines": [], "summary": {"covered_lines": 0, "num_statements": 15, "percent_covered": 0.0, "percent_covered_display": "0.00", "missing_lines": 15, "excluded_lines": 0, "num_branches": 2, "num_partial_branches": 0, "covered_branches": 0, "missing_branches": 2}, "missing_lines": [51, 52, 54, 55, 56, 58, 59, 60, 62, 64, 66, 67, 68, 70, 71], "excluded_lines": [], "executed_branches": [], "missing_branches": [[58, 59], [58, 64]]}, "_cmd_db_optimize": {"executed_lines": [], "summary": {"covered_lines": 0, "num_statements": 19, "percent_covered": 0.0, "percent_covered_display": "0.00", "missing_lines": 19, "excluded_lines": 0, "num_branches": 2, "num_partial_branches": 0, "covered_branches": 0, "missing_branches": 2}, "missing_lines": [83, 84, 85, 87, 89, 90, 91, 92, 93, 95, 97, 98, 99, 102, 104, 105, 106, 108, 109], "excluded_lines": [], "executed_branches": [], "missing_branches": [[89, 90], [89, 95]]}, "_cmd_diagnostic": {"executed_lines": [], "summary": {"covered_lines": 0, "num_statements": 10, "percent_covered": 0.0, "percent_covered_display": "0.00", "missing_lines": 10, "excluded_lines": 0, "num_branches": 0, "num_partial_branches": 0, "covered_branches": 0, "missing_branches": 0}, "missing_lines": [121, 122, 124, 127, 128, 130, 131, 132, 134, 135], "excluded_lines": [], "executed_branches": [], "missing_branches": []}, "_cmd_config_validate": {"executed_lines": [139, 141, 142, 145, 146, 147, 163, 164, 165, 167, 168, 170, 171, 187, 188, 189, 190, 191, 192, 193, 194, 195], "summary": {"covered_lines": 22, "num_statements": 50, "percent_covered": 42.592592592592595, "percent_covered_display": "42.59", "missing_lines": 28, "excluded_lines": 0, "num_branches": 4, "num_partial_branches": 1, "covered_branches": 1, "missing_branches": 3}, "missing_lines": [148, 149, 150, 151, 152, 153, 154, 155, 156, 157, 158, 159, 160, 172, 173, 174, 175, 176, 177, 178, 179, 180, 181, 182, 184, 196, 197, 198], "excluded_lines": [], "executed_branches": [[163, 164]], "missing_branches": [[163, 184], [178, 179], [178, 180]]}, "_cmd_health": {"executed_lines": [203, 205, 206], "summary": {"covered_lines": 3, "num_statements": 3, "percent_covered": 100.0, "percent_covered_display": "100.00", "missing_lines": 0, "excluded_lines": 0, "num_branches": 0, "num_partial_branches": 0, "covered_branches": 0, "missing_branches": 0}, "missing_lines": [], "excluded_lines": [], "executed_branches": [], "missing_branches": []}, "_cmd_health_legacy": {"executed_lines": [], "summary": {"covered_lines": 0, "num_statements": 7, "percent_covered": 0.0, "percent_covered_display": "0.00", "missing_lines": 7, "excluded_lines": 0, "num_branches": 0, "num_partial_branches": 0, "covered_branches": 0, "missing_branches": 0}, "missing_lines": [211, 212, 213, 218, 219, 220, 221], "excluded_lines": [], "executed_branches": [], "missing_branches": []}, "_cmd_setup": {"executed_lines": [], "summary": {"covered_lines": 0, "num_statements": 3, "percent_covered": 0.0, "percent_covered_display": "0.00", "missing_lines": 3, "excluded_lines": 0, "num_branches": 0, "num_partial_branches": 0, "covered_branches": 0, "missing_branches": 0}, "missing_lines": [226, 228, 229], "excluded_lines": [], "executed_branches": [], "missing_branches": []}, "_cmd_api": {"executed_lines": [], "summary": {"covered_lines": 0, "num_statements": 29, "percent_covered": 0.0, "percent_covered_display": "0.00", "missing_lines": 29, "excluded_lines": 0, "num_branches": 2, "num_partial_branches": 0, "covered_branches": 0, "missing_branches": 2}, "missing_lines": [234, 235, 236, 237, 238, 239, 241, 242, 244, 245, 246, 247, 248, 249, 256, 257, 258, 259, 260, 261, 262, 263, 264, 266, 267, 268, 269, 270, 271], "excluded_lines": [], "executed_branches": [], "missing_branches": [[262, 263], [262, 266]]}, "_cmd_fix": {"executed_lines": [], "summary": {"covered_lines": 0, "num_statements": 8, "percent_covered": 0.0, "percent_covered_display": "0.00", "missing_lines": 8, "excluded_lines": 0, "num_branches": 0, "num_partial_branches": 0, "covered_branches": 0, "missing_branches": 0}, "missing_lines": [276, 278, 280, 281, 282, 283, 284, 285], "excluded_lines": [], "executed_branches": [], "missing_branches": []}, "_cmd_update": {"executed_lines": [], "summary": {"covered_lines": 0, "num_statements": 23, "percent_covered": 0.0, "percent_covered_display": "0.00", "missing_lines": 23, "excluded_lines": 0, "num_branches": 6, "num_partial_branches": 0, "covered_branches": 0, "missing_branches": 6}, "missing_lines": [290, 291, 293, 295, 296, 300, 301, 302, 303, 304, 306, 307, 309, 310, 312, 315, 317, 318, 319, 320, 321, 322, 323], "excluded_lines": [], "executed_branches": [], "missing_branches": [[295, 296], [295, 312], [300, 301], [300, 306], [306, 307], [306, 309]]}, "_cmd_privacy": {"executed_lines": [], "summary": {"covered_lines": 0, "num_statements": 22, "percent_covered": 0.0, "percent_covered_display": "0.00", "missing_lines": 22, "excluded_lines": 0, "num_branches": 2, "num_partial_branches": 0, "covered_branches": 0, "missing_branches": 2}, "missing_lines": [328, 329, 331, 333, 334, 335, 336, 338, 339, 341, 365, 366, 367, 369, 370, 372, 373, 374, 375, 376, 377, 378], "excluded_lines": [], "executed_branches": [], "missing_branches": [[333, 334], [333, 369]]}, "_cmd_backup_create": {"executed_lines": [], "summary": {"covered_lines": 0, "num_statements": 13, "percent_covered": 0.0, "percent_covered_display": "0.00", "missing_lines": 13, "excluded_lines": 0, "num_branches": 0, "num_partial_branches": 0, "covered_branches": 0, "missing_branches": 0}, "missing_lines": [383, 384, 386, 387, 392, 393, 395, 396, 397, 398, 399, 400, 401], "excluded_lines": [], "executed_branches": [], "missing_branches": []}, "_cmd_backup_list": {"executed_lines": [], "summary": {"covered_lines": 0, "num_statements": 12, "percent_covered": 0.0, "percent_covered_display": "0.00", "missing_lines": 12, "excluded_lines": 0, "num_branches": 0, "num_partial_branches": 0, "covered_branches": 0, "missing_branches": 0}, "missing_lines": [406, 407, 409, 410, 411, 413, 414, 415, 416, 417, 418, 419], "excluded_lines": [], "executed_branches": [], "missing_branches": []}, "_cmd_backup_restore": {"executed_lines": [], "summary": {"covered_lines": 0, "num_statements": 12, "percent_covered": 0.0, "percent_covered_display": "0.00", "missing_lines": 12, "excluded_lines": 0, "num_branches": 0, "num_partial_branches": 0, "covered_branches": 0, "missing_branches": 0}, "missing_lines": [424, 425, 427, 428, 432, 434, 435, 436, 437, 438, 439, 440], "excluded_lines": [], "executed_branches": [], "missing_branches": []}, "_cmd_run_once": {"executed_lines": [], "summary": {"covered_lines": 0, "num_statements": 48, "percent_covered": 0.0, "percent_covered_display": "0.00", "missing_lines": 48, "excluded_lines": 0, "num_branches": 8, "num_partial_branches": 0, "covered_branches": 0, "missing_branches": 8}, "missing_lines": [445, 448, 449, 450, 451, 452, 453, 454, 455, 458, 459, 460, 462, 463, 464, 466, 468, 469, 471, 473, 474, 475, 477, 479, 480, 481, 482, 483, 484, 485, 486, 488, 490, 491, 492, 493, 494, 495, 496, 497, 498, 499, 500, 501, 502, 503, 504, 505], "excluded_lines": [], "executed_branches": [], "missing_branches": [[449, 450], [449, 458], [462, 463], [462, 466], [471, 473], [471, 477], [479, 480], [479, 488]]}, "build_parser": {"executed_lines": [509, 514, 516, 525, 527, 533, 538, 540, 546, 547, 548, 550, 556, 559, 560, 563, 570, 573, 582, 587, 590, 596, 602, 604, 610, 616, 618, 624, 625, 628, 635, 638, 641, 648, 653, 656, 664, 669, 674, 679, 684, 687, 694, 696, 700, 705, 710, 715, 717, 721, 723, 727, 732, 737, 740, 747, 749], "summary": {"covered_lines": 57, "num_statements": 57, "percent_covered": 100.0, "percent_covered_display": "100.00", "missing_lines": 0, "excluded_lines": 0, "num_branches": 0, "num_partial_branches": 0, "covered_branches": 0, "missing_branches": 0}, "missing_lines": [], "excluded_lines": [], "executed_branches": [], "missing_branches": []}, "main": {"executed_lines": [753, 754, 755, 756], "summary": {"covered_lines": 4, "num_statements": 4, "percent_covered": 100.0, "percent_covered_display": "100.00", "missing_lines": 0, "excluded_lines": 0, "num_branches": 0, "num_partial_branches": 0, "covered_branches": 0, "missing_branches": 0}, "missing_lines": [], "excluded_lines": [], "executed_branches": [], "missing_branches": []}, "": {"executed_lines": [1, 3, 4, 5, 6, 7, 8, 10, 11, 14, 42, 74, 112, 138, 201, 209, 224, 232, 274, 288, 326, 381, 404, 422, 443, 508, 752, 759], "summary": {"covered_lines": 27, "num_statements": 27, "percent_covered": 100.0, "percent_covered_display": "100.00", "missing_lines": 0, "excluded_lines": 2, "num_branches": 0, "num_partial_branches": 0, "covered_branches": 0, "missing_branches": 0}, "missing_lines": [], "excluded_lines": [759, 760], "executed_branches": [], "missing_branches": []}}, "classes": {"": {"executed_lines": [1, 3, 4, 5, 6, 7, 8, 10, 11, 14, 42, 74, 112, 138, 139, 141, 142, 145, 146, 147, 163, 164, 165, 167, 168, 170, 171, 187, 188, 189, 190, 191, 192, 193, 194, 195, 201, 203, 205, 206, 209, 224, 232, 274, 288, 326, 381, 404, 422, 443, 508, 509, 514, 516, 525, 527, 533, 538, 540, 546, 547, 548, 550, 556, 559, 560, 563, 570, 573, 582, 587, 590, 596, 602, 604, 610, 616, 618, 624, 625, 628, 635, 638, 641, 648, 653, 656, 664, 669, 674, 679, 684, 687, 694, 696, 700, 705, 710, 715, 717, 721, 723, 727, 732, 737, 740, 747, 749, 752, 753, 754, 755, 756, 759], "summary": {"covered_lines": 113, "num_statements": 384, "percent_covered": 27.66990291262136, "percent_covered_display": "27.67", "missing_lines": 271, "excluded_lines": 2, "num_branches": 28, "num_partial_branches": 1, "covered_branches": 1, "missing_branches": 27}, "missing_lines": [16, 18, 19, 20, 21, 22, 23, 24, 25, 26, 27, 28, 29, 30, 31, 32, 34, 35, 36, 37, 38, 39, 51, 52, 54, 55, 56, 58, 59, 60, 62, 64, 66, 67, 68, 70, 71, 83, 84, 85, 87, 89, 90, 91, 92, 93, 95, 97, 98, 99, 102, 104, 105, 106, 108, 109, 121, 122, 124, 127, 128, 130, 131, 132, 134, 135, 148, 149, 150, 151, 152, 153, 154, 155, 156, 157, 158, 159, 160, 172, 173, 174, 175, 176, 177, 178, 179, 180, 181, 182, 184, 196, 197, 198, 211, 212, 213, 218, 219, 220, 221, 226, 228, 229, 234, 235, 236, 237, 238, 239, 241, 242, 244, 245, 246, 247, 248, 249, 256, 257, 258, 259, 260, 261, 262, 263, 264, 266, 267, 268, 269, 270, 271, 276, 278, 280, 281, 282, 283, 284, 285, 290, 291, 293, 295, 296, 300, 301, 302, 303, 304, 306, 307, 309, 310, 312, 315, 317, 318, 319, 320, 321, 322, 323, 328, 329, 331, 333, 334, 335, 336, 338, 339, 341, 365, 366, 367, 369, 370, 372, 373, 374, 375, 376, 377, 378, 383, 384, 386, 387, 392, 393, 395, 396, 397, 398, 399, 400, 401, 406, 407, 409, 410, 411, 413, 414, 415, 416, 417, 418, 419, 424, 425, 427, 428, 432, 434, 435, 436, 437, 438, 439, 440, 445, 448, 449, 450, 451, 452, 453, 454, 455, 458, 459, 460, 462, 463, 464, 466, 468, 469, 471, 473, 474, 475, 477, 479, 480, 481, 482, 483, 484, 485, 486, 488, 490, 491, 492, 493, 494, 495, 496, 497, 498, 499, 500, 501, 502, 503, 504, 505], "excluded_lines": [759, 760], "executed_branches": [[163, 164]], "missing_branches": [[30, 31], [30, 34], [58, 59], [58, 64], [89, 90], [89, 95], [163, 184], [178, 179], [178, 180], [262, 263], [262, 266], [295, 296], [295, 312], [300, 301], [300, 306], [306, 307], [306, 309], [333, 334], [333, 369], [449, 450], [449, 458], [462, 463], [462, 466], [471, 473], [471, 477], [479, 480], [479, 488]]}}}, "deploy/common/app/src/jsa/config.py": {"executed_lines": [1, 7, 9, 10, 11, 13, 14, 16, 22, 23, 24, 32, 33, 36, 37, 45, 46, 48, 54, 55, 56, 57, 59, 60, 61, 62, 63, 65, 67, 69], "summary": {"covered_lines": 27, "num_statements": 30, "percent_covered": 85.29411764705883, "percent_covered_display": "85.29", "missing_lines": 3, "excluded_lines": 0, "num_branches": 4, "num_partial_branches": 2, "covered_branches": 2, "missing_branches": 2}, "missing_lines": [64, 66, 71], "excluded_lines": [], "executed_branches": [[63, 65], [65, 67]], "missing_branches": [[63, 64], [65, 66]], "functions": {"ConfigService.__init__": {"executed_lines": [46], "summary": {"covered_lines": 1, "num_statements": 1, "percent_covered": 100.0, "percent_covered_display": "100.00", "missing_lines": 0, "excluded_lines": 0, "num_branches": 0, "num_partial_branches": 0, "covered_branches": 0, "missing_branches": 0}, "missing_lines": [], "excluded_lines": [], "executed_branches": [], "missing_branches": []}, "ConfigService.raw": {"executed_lines": [54, 55, 56, 57], "summary": {"covered_lines": 4, "num_statements": 4, "percent_covered": 100.0, "percent_covered_display": "100.00", "missing_lines": 0, "excluded_lines": 0, "num_branches": 0, "num_partial_branches": 0, "covered_branches": 0, "missing_branches": 0}, "missing_lines": [], "excluded_lines": [], "executed_branches": [], "missing_branches": []}, "ConfigService.user_preferences": {"executed_lines": [60, 61, 62, 63, 65, 67], "summary": {"covered_lines": 6, "num_statements": 8, "percent_covered": 66.66666666666667, "percent_covered_display": "66.67", "missing_lines": 2, "excluded_lines": 0, "num_branches": 4, "num_partial_branches": 2, "covered_branches": 2, "missing_branches": 2}, "missing_lines": [64, 66], "excluded_lines": [], "executed_branches": [[63, 65], [65, 67]], "missing_branches": [[63, 64], [65, 66]]}, "ConfigService.filter_config": {"executed_lines": [], "summary": {"covered_lines": 0, "num_statements": 1, "percent_covered": 0.0, "percent_covered_display": "0.00", "missing_lines": 1, "excluded_lines": 0, "num_branches": 0, "num_partial_branches": 0, "covered_branches": 0, "missing_branches": 0}, "missing_lines": [71], "excluded_lines": [], "executed_branches": [], "missing_branches": []}, "": {"executed_lines": [1, 7, 9, 10, 11, 13, 14, 16, 22, 23, 24, 32, 33, 36, 37, 45, 48, 59, 69], "summary": {"covered_lines": 16, "num_statements": 16, "percent_covered": 100.0, "percent_covered_display": "100.00", "missing_lines": 0, "excluded_lines": 0, "num_branches": 0, "num_partial_branches": 0, "covered_branches": 0, "missing_branches": 0}, "missing_lines": [], "excluded_lines": [], "executed_branches": [], "missing_branches": []}}, "classes": {"UserPreferences": {"executed_lines": [], "summary": {"covered_lines": 0, "num_statements": 0, "percent_covered": 100.0, "percent_covered_display": "100.00", "missing_lines": 0, "excluded_lines": 0, "num_branches": 0, "num_partial_branches": 0, "covered_branches": 0, "missing_branches": 0}, "missing_lines": [], "excluded_lines": [], "executed_branches": [], "missing_branches": []}, "ConfigService": {"executed_lines": [46, 54, 55, 56, 57, 60, 61, 62, 63, 65, 67], "summary": {"covered_lines": 11, "num_statements": 14, "percent_covered": 72.22222222222223, "percent_covered_display": "72.22", "missing_lines": 3, "excluded_lines": 0, "num_branches": 4, "num_partial_branches": 2, "covered_branches": 2, "missing_branches": 2}, "missing_lines": [64, 66, 71], "excluded_lines": [], "executed_branches": [[63, 65], [65, 67]], "missing_branches": [[63, 64], [65, 66]]}, "": {"executed_lines": [1, 7, 9, 10, 11, 13, 14, 16, 22, 23, 24, 32, 33, 36, 37, 45, 48, 59, 69], "summary": {"covered_lines": 16, "num_statements": 16, "percent_covered": 100.0, "percent_covered_display": "100.00", "missing_lines": 0, "excluded_lines": 0, "num_branches": 0, "num_partial_branches": 0, "covered_branches": 0, "missing_branches": 0}, "missing_lines": [], "excluded_lines": [], "executed_branches": [], "missing_branches": []}}}, "deploy/common/app/src/jsa/db.py": {"executed_lines": [1, 11, 13, 14, 16, 17, 19, 23, 26, 33, 34, 38, 40, 42, 45, 47, 50, 51, 53, 54, 58, 61, 71, 72, 75, 76, 78, 80, 83, 84, 86, 89, 94, 95, 98, 101], "summary": {"covered_lines": 35, "num_statements": 36, "percent_covered": 95.0, "percent_covered_display": "95.00", "missing_lines": 1, "excluded_lines": 0, "num_branches": 4, "num_partial_branches": 1, "covered_branches": 3, "missing_branches": 1}, "missing_lines": [35], "excluded_lines": [], "executed_branches": [[33, 34], [75, 76], [75, 78]], "missing_branches": [[33, 35]], "functions": {"_derive_sync_url": {"executed_lines": [33, 34], "summary": {"covered_lines": 2, "num_statements": 3, "percent_covered": 60.0, "percent_covered_display": "60.00", "missing_lines": 1, "excluded_lines": 0, "num_branches": 2, "num_partial_branches": 1, "covered_branches": 1, "missing_branches": 1}, "missing_lines": [35], "excluded_lines": [], "executed_branches": [[33, 34]], "missing_branches": [[33, 35]]}, "init_database": {"executed_lines": [40, 42], "summary": {"covered_lines": 2, "num_statements": 2, "percent_covered": 100.0, "percent_covered_display": "100.00", "missing_lines": 0, "excluded_lines": 0, "num_branches": 0, "num_partial_branches": 0, "covered_branches": 0, "missing_branches": 0}, "missing_lines": [], "excluded_lines": [], "executed_branches": [], "missing_branches": []}, "get_stats_sync": {"executed_lines": [47], "summary": {"covered_lines": 1, "num_statements": 1, "percent_covered": 100.0, "percent_covered_display": "100.00", "missing_lines": 0, "excluded_lines": 0, "num_branches": 0, "num_partial_branches": 0, "covered_branches": 0, "missing_branches": 0}, "missing_lines": [], "excluded_lines": [], "executed_branches": [], "missing_branches": []}, "open_session": {"executed_lines": [53, 54], "summary": {"covered_lines": 2, "num_statements": 2, "percent_covered": 100.0, "percent_covered_display": "100.00", "missing_lines": 0, "excluded_lines": 0, "num_branches": 0, "num_partial_branches": 0, "covered_branches": 0, "missing_branches": 0}, "missing_lines": [], "excluded_lines": [], "executed_branches": [], "missing_branches": []}, "override_database_url_for_testing": {"executed_lines": [71, 72, 75, 76, 78, 80, 83, 84, 86, 89, 94, 95, 98], "summary": {"covered_lines": 13, "num_statements": 13, "percent_covered": 100.0, "percent_covered_display": "100.00", "missing_lines": 0, "excluded_lines": 0, "num_branches": 2, "num_partial_branches": 0, "covered_branches": 2, "missing_branches": 0}, "missing_lines": [], "excluded_lines": [], "executed_branches": [[75, 76], [75, 78]], "missing_branches": []}, "": {"executed_lines": [1, 11, 13, 14, 16, 17, 19, 23, 26, 38, 45, 50, 51, 58, 61, 101], "summary": {"covered_lines": 15, "num_statements": 15, "percent_covered": 100.0, "percent_covered_display": "100.00", "missing_lines": 0, "excluded_lines": 0, "num_branches": 0, "num_partial_branches": 0, "covered_branches": 0, "missing_branches": 0}, "missing_lines": [], "excluded_lines": [], "executed_branches": [], "missing_branches": []}}, "classes": {"": {"executed_lines": [1, 11, 13, 14, 16, 17, 19, 23, 26, 33, 34, 38, 40, 42, 45, 47, 50, 51, 53, 54, 58, 61, 71, 72, 75, 76, 78, 80, 83, 84, 86, 89, 94, 95, 98, 101], "summary": {"covered_lines": 35, "num_statements": 36, "percent_covered": 95.0, "percent_covered_display": "95.00", "missing_lines": 1, "excluded_lines": 0, "num_branches": 4, "num_partial_branches": 1, "covered_branches": 3, "missing_branches": 1}, "missing_lines": [35], "excluded_lines": [], "executed_branches": [[33, 34], [75, 76], [75, 78]], "missing_branches": [[33, 35]]}}}, "deploy/common/app/src/jsa/db_optimize.py": {"executed_lines": [1, 12, 13, 14, 15, 18, 19, 20, 22, 23, 24, 25, 26, 27, 30, 31, 33, 39, 41, 47, 50, 53, 56, 59, 62, 64, 66, 75, 77, 78, 80, 82, 83, 84, 92, 93, 95, 96, 103, 104, 105, 112, 118, 120, 142, 143, 144, 145, 146, 147, 148, 149, 151, 153, 155, 156, 172, 178, 180, 181, 182, 183, 185, 186, 202, 208, 210, 212, 214, 215, 218, 219, 221, 222, 240, 246, 248, 256, 257, 258, 259, 260, 261, 262, 267, 269, 270, 286, 329, 364, 386], "summary": {"covered_lines": 87, "num_statements": 149, "percent_covered": 55.68862275449102, "percent_covered_display": "55.69", "missing_lines": 62, "excluded_lines": 2, "num_branches": 18, "num_partial_branches": 0, "covered_branches": 6, "missing_branches": 12}, "missing_lines": [163, 164, 165, 193, 194, 195, 231, 232, 233, 263, 265, 277, 278, 279, 292, 294, 296, 297, 299, 301, 302, 305, 306, 309, 310, 313, 316, 319, 322, 324, 325, 327, 335, 336, 337, 339, 340, 341, 343, 345, 347, 348, 350, 353, 354, 355, 357, 358, 359, 361, 366, 368, 369, 370, 372, 374, 375, 376, 378, 379, 380, 383], "excluded_lines": [386, 387], "executed_branches": [[82, 83], [82, 92], [145, 146], [145, 153], [259, 260], [259, 267]], "missing_branches": [[339, 340], [339, 353], [340, 341], [340, 343], [347, 348], [347, 350], [358, 359], [358, 361], [368, 369], [368, 372], [374, 375], [374, 378]], "functions": {"DatabaseOptimizer.__init__": {"executed_lines": [39], "summary": {"covered_lines": 1, "num_statements": 1, "percent_covered": 100.0, "percent_covered_display": "100.00", "missing_lines": 0, "excluded_lines": 0, "num_branches": 0, "num_partial_branches": 0, "covered_branches": 0, "missing_branches": 0}, "missing_lines": [], "excluded_lines": [], "executed_branches": [], "missing_branches": []}, "DatabaseOptimizer.optimize_all": {"executed_lines": [47, 50, 53, 56, 59, 62, 64], "summary": {"covered_lines": 7, "num_statements": 7, "percent_covered": 100.0, "percent_covered_display": "100.00", "missing_lines": 0, "excluded_lines": 0, "num_branches": 0, "num_partial_branches": 0, "covered_branches": 0, "missing_branches": 0}, "missing_lines": [], "excluded_lines": [], "executed_branches": [], "missing_branches": []}, "DatabaseOptimizer.enable_wal_mode": {"executed_lines": [75, 77, 78, 80, 82, 83, 84, 92, 93, 95, 96, 103, 104, 105], "summary": {"covered_lines": 14, "num_statements": 14, "percent_covered": 100.0, "percent_covered_display": "100.00", "missing_lines": 0, "excluded_lines": 0, "num_branches": 2, "num_partial_branches": 0, "covered_branches": 2, "missing_branches": 0}, "missing_lines": [], "excluded_lines": [], "executed_branches": [[82, 83], [82, 92]], "missing_branches": []}, "DatabaseOptimizer.create_indexes": {"executed_lines": [118, 120, 142, 143, 144, 145, 146, 147, 148, 149, 151, 153, 155, 156], "summary": {"covered_lines": 14, "num_statements": 17, "percent_covered": 84.21052631578948, "percent_covered_display": "84.21", "missing_lines": 3, "excluded_lines": 0, "num_branches": 2, "num_partial_branches": 0, "covered_branches": 2, "missing_branches": 0}, "missing_lines": [163, 164, 165], "excluded_lines": [], "executed_branches": [[145, 146], [145, 153]], "missing_branches": []}, "DatabaseOptimizer.analyze_database": {"executed_lines": [178, 180, 181, 182, 183, 185, 186], "summary": {"covered_lines": 7, "num_statements": 10, "percent_covered": 70.0, "percent_covered_display": "70.00", "missing_lines": 3, "excluded_lines": 0, "num_branches": 0, "num_partial_branches": 0, "covered_branches": 0, "missing_branches": 0}, "missing_lines": [193, 194, 195], "excluded_lines": [], "executed_branches": [], "missing_branches": []}, "DatabaseOptimizer.vacuum_database": {"executed_lines": [208, 210, 212, 214, 215, 218, 219, 221, 222], "summary": {"covered_lines": 9, "num_statements": 12, "percent_covered": 75.0, "percent_covered_display": "75.00", "missing_lines": 3, "excluded_lines": 0, "num_branches": 0, "num_partial_branches": 0, "covered_branches": 0, "missing_branches": 0}, "missing_lines": [231, 232, 233], "excluded_lines": [], "executed_branches": [], "missing_branches": []}, "DatabaseOptimizer.optimize_pragmas": {"executed_lines": [246, 248, 256, 257, 258, 259, 260, 261, 262, 267, 269, 270], "summary": {"covered_lines": 12, "num_statements": 17, "percent_covered": 73.6842105263158, "percent_covered_display": "73.68", "missing_lines": 5, "excluded_lines": 0, "num_branches": 2, "num_partial_branches": 0, "covered_branches": 2, "missing_branches": 0}, "missing_lines": [263, 265, 277, 278, 279], "excluded_lines": [], "executed_branches": [[259, 260], [259, 267]], "missing_branches": []}, "DatabaseOptimizer.get_database_info": {"executed_lines": [], "summary": {"covered_lines": 0, "num_statements": 18, "percent_covered": 0.0, "percent_covered_display": "0.00", "missing_lines": 18, "excluded_lines": 0, "num_branches": 0, "num_partial_branches": 0, "covered_branches": 0, "missing_branches": 0}, "missing_lines": [292, 294, 296, 297, 299, 301, 302, 305, 306, 309, 310, 313, 316, 319, 322, 324, 325, 327], "excluded_lines": [], "executed_branches": [], "missing_branches": []}, "DatabaseOptimizer.print_results": {"executed_lines": [], "summary": {"covered_lines": 0, "num_statements": 18, "percent_covered": 0.0, "percent_covered_display": "0.00", "missing_lines": 18, "excluded_lines": 0, "num_branches": 8, "num_partial_branches": 0, "covered_branches": 0, "missing_branches": 8}, "missing_lines": [335, 336, 337, 339, 340, 341, 343, 345, 347, 348, 350, 353, 354, 355, 357, 358, 359, 361], "excluded_lines": [], "executed_branches": [], "missing_branches": [[339, 340], [339, 353], [340, 341], [340, 343], [347, 348], [347, 350], [358, 359], [358, 361]]}, "main": {"executed_lines": [], "summary": {"covered_lines": 0, "num_statements": 12, "percent_covered": 0.0, "percent_covered_display": "0.00", "missing_lines": 12, "excluded_lines": 0, "num_branches": 4, "num_partial_branches": 0, "covered_branches": 0, "missing_branches": 4}, "missing_lines": [366, 368, 369, 370, 372, 374, 375, 376, 378, 379, 380, 383], "excluded_lines": [], "executed_branches": [], "missing_branches": [[368, 369], [368, 372], [374, 375], [374, 378]]}, "": {"executed_lines": [1, 12, 13, 14, 15, 18, 19, 20, 22, 23, 24, 25, 26, 27, 30, 31, 33, 41, 66, 112, 172, 202, 240, 286, 329, 364, 386], "summary": {"covered_lines": 23, "num_statements": 23, "percent_covered": 100.0, "percent_covered_display": "100.00", "missing_lines": 0, "excluded_lines": 2, "num_branches": 0, "num_partial_branches": 0, "covered_branches": 0, "missing_branches": 0}, "missing_lines": [], "excluded_lines": [386, 387], "executed_branches": [], "missing_branches": []}}, "classes": {"OptimizationResult": {"executed_lines": [], "summary": {"covered_lines": 0, "num_statements": 0, "percent_covered": 100.0, "percent_covered_display": "100.00", "missing_lines": 0, "excluded_lines": 0, "num_branches": 0, "num_partial_branches": 0, "covered_branches": 0, "missing_branches": 0}, "missing_lines": [], "excluded_lines": [], "executed_branches": [], "missing_branches": []}, "DatabaseOptimizer": {"executed_lines": [39, 47, 50, 53, 56, 59, 62, 64, 75, 77, 78, 80, 82, 83, 84, 92, 93, 95, 96, 103, 104, 105, 118, 120, 142, 143, 144, 145, 146, 147, 148, 149, 151, 153, 155, 156, 178, 180, 181, 182, 183, 185, 186, 208, 210, 212, 214, 215, 218, 219, 221, 222, 246, 248, 256, 257, 258, 259, 260, 261, 262, 267, 269, 270], "summary": {"covered_lines": 64, "num_statements": 114, "percent_covered": 54.6875, "percent_covered_display": "54.69", "missing_lines": 50, "excluded_lines": 0, "num_branches": 14, "num_partial_branches": 0, "covered_branches": 6, "missing_branches": 8}, "missing_lines": [163, 164, 165, 193, 194, 195, 231, 232, 233, 263, 265, 277, 278, 279, 292, 294, 296, 297, 299, 301, 302, 305, 306, 309, 310, 313, 316, 319, 322, 324, 325, 327, 335, 336, 337, 339, 340, 341, 343, 345, 347, 348, 350, 353, 354, 355, 357, 358, 359, 361], "excluded_lines": [], "executed_branches": [[82, 83], [82, 92], [145, 146], [145, 153], [259, 260], [259, 267]], "missing_branches": [[339, 340], [339, 353], [340, 341], [340, 343], [347, 348], [347, 350], [358, 359], [358, 361]]}, "": {"executed_lines": [1, 12, 13, 14, 15, 18, 19, 20, 22, 23, 24, 25, 26, 27, 30, 31, 33, 41, 66, 112, 172, 202, 240, 286, 329, 364, 386], "summary": {"covered_lines": 23, "num_statements": 35, "percent_covered": 58.97435897435897, "percent_covered_display": "58.97", "missing_lines": 12, "excluded_lines": 2, "num_branches": 4, "num_partial_branches": 0, "covered_branches": 0, "missing_branches": 4}, "missing_lines": [366, 368, 369, 370, 372, 374, 375, 376, 378, 379, 380, 383], "excluded_lines": [386, 387], "executed_branches": [], "missing_branches": [[368, 369], [368, 372], [374, 375], [374, 378]]}}}, "deploy/common/app/src/jsa/diagnostic.py": {"executed_lines": [1, 24, 25, 26, 27, 28, 29, 30, 32, 34, 37, 38, 40, 41, 42, 43, 46, 47, 49, 55, 56, 58, 64, 66, 69, 70, 71, 74, 75, 78, 79, 82, 83, 86, 87, 90, 92, 93, 95, 101, 102, 103, 104, 106, 108, 110, 111, 112, 114, 115, 149, 151, 152, 153, 155, 184, 185, 210, 212, 213, 215, 216, 218, 219, 244, 245, 253, 256, 267, 268, 269, 270, 274, 275, 292, 294, 300, 301, 302, 303, 304, 305, 306, 307, 309, 310, 311, 312, 313, 314, 319, 332, 334, 336, 337, 345, 393, 395, 397, 398, 406, 442, 444, 446, 447, 455, 463, 465, 467, 469, 472, 473, 474, 476, 483, 484, 501, 503, 505, 506, 523, 525, 530, 531, 532, 533, 534, 551, 553, 559, 560, 561, 562, 564, 565, 567, 570, 571, 588, 653], "summary": {"covered_lines": 137, "num_statements": 234, "percent_covered": 53.92156862745098, "percent_covered_display": "53.92", "missing_lines": 97, "excluded_lines": 0, "num_branches": 72, "num_partial_branches": 10, "covered_branches": 28, "missing_branches": 44}, "missing_lines": [122, 123, 132, 140, 141, 157, 158, 159, 160, 168, 176, 177, 193, 201, 202, 226, 227, 236, 271, 272, 283, 316, 317, 348, 349, 351, 352, 355, 356, 358, 359, 368, 375, 376, 384, 385, 408, 409, 410, 413, 414, 416, 417, 425, 433, 434, 492, 493, 513, 514, 541, 542, 568, 579, 594, 595, 596, 599, 600, 601, 602, 605, 606, 607, 608, 609, 610, 611, 614, 615, 616, 617, 618, 619, 620, 623, 624, 625, 626, 627, 630, 631, 632, 633, 634, 637, 638, 641, 643, 644, 645, 646, 650, 662, 663, 664, 665], "excluded_lines": [], "executed_branches": [[114, 115], [155, 184], [184, 185], [218, 219], [268, 269], [268, 274], [274, 275], [300, -292], [300, 301], [302, 303], [302, 309], [309, 310], [309, 312], [312, 313], [336, 337], [397, 398], [446, 447], [446, 455], [530, -523], [530, 531], [560, 561], [560, 570], [561, 562], [561, 564], [564, 565], [564, 567], [567, 560], [570, 571]], "missing_branches": [[114, 122], [122, 123], [122, 132], [155, 157], [159, 160], [159, 168], [184, 193], [218, 226], [226, 227], [226, 236], [274, 283], [312, 316], [336, 348], [358, 359], [358, 368], [397, 408], [416, 417], [416, 425], [567, 568], [570, 579], [605, 606], [605, 614], [607, 608], [607, 611], [609, 607], [609, 610], [614, 615], [614, 623], [616, 617], [616, 620], [618, 616], [618, 619], [623, 624], [623, 630], [625, 626], [625, 627], [630, 631], [630, 637], [632, 633], [632, 634], [643, 644], [643, 645], [645, 646], [645, 650]], "functions": {"SystemDiagnostic.__init__": {"executed_lines": [55, 56], "summary": {"covered_lines": 2, "num_statements": 2, "percent_covered": 100.0, "percent_covered_display": "100.00", "missing_lines": 0, "excluded_lines": 0, "num_branches": 0, "num_partial_branches": 0, "covered_branches": 0, "missing_branches": 0}, "missing_lines": [], "excluded_lines": [], "executed_branches": [], "missing_branches": []}, "SystemDiagnostic.run_all_checks": {"executed_lines": [64, 66, 69, 70, 71, 74, 75, 78, 79, 82, 83, 86, 87, 90, 92, 93], "summary": {"covered_lines": 16, "num_statements": 16, "percent_covered": 100.0, "percent_covered_display": "100.00", "missing_lines": 0, "excluded_lines": 0, "num_branches": 0, "num_partial_branches": 0, "covered_branches": 0, "missing_branches": 0}, "missing_lines": [], "excluded_lines": [], "executed_branches": [], "missing_branches": []}, "SystemDiagnostic._summary": {"executed_lines": [101, 102, 103, 104, 106], "summary": {"covered_lines": 5, "num_statements": 5, "percent_covered": 100.0, "percent_covered_display": "100.00", "missing_lines": 0, "excluded_lines": 0, "num_branches": 0, "num_partial_branches": 0, "covered_branches": 0, "missing_branches": 0}, "missing_lines": [], "excluded_lines": [], "executed_branches": [], "missing_branches": []}, "SystemDiagnostic.check_python_version": {"executed_lines": [110, 111, 112, 114, 115], "summary": {"covered_lines": 5, "num_statements": 10, "percent_covered": 42.857142857142854, "percent_covered_display": "42.86", "missing_lines": 5, "excluded_lines": 0, "num_branches": 4, "num_partial_branches": 1, "covered_branches": 1, "missing_branches": 3}, "missing_lines": [122, 123, 132, 140, 141], "excluded_lines": [], "executed_branches": [[114, 115]], "missing_branches": [[114, 122], [122, 123], [122, 132]]}, "SystemDiagnostic.check_operating_system": {"executed_lines": [151, 152, 153, 155, 184, 185], "summary": {"covered_lines": 6, "num_statements": 16, "percent_covered": 36.36363636363637, "percent_covered_display": "36.36", "missing_lines": 10, "excluded_lines": 0, "num_branches": 6, "num_partial_branches": 2, "covered_branches": 2, "missing_branches": 4}, "missing_lines": [157, 158, 159, 160, 168, 176, 177, 193, 201, 202], "excluded_lines": [], "executed_branches": [[155, 184], [184, 185]], "missing_branches": [[155, 157], [159, 160], [159, 168], [184, 193]]}, "SystemDiagnostic.check_disk_space": {"executed_lines": [212, 213, 215, 216, 218, 219, 244, 245], "summary": {"covered_lines": 8, "num_statements": 11, "percent_covered": 60.0, "percent_covered_display": "60.00", "missing_lines": 3, "excluded_lines": 0, "num_branches": 4, "num_partial_branches": 1, "covered_branches": 1, "missing_branches": 3}, "missing_lines": [226, 227, 236], "excluded_lines": [], "executed_branches": [[218, 219]], "missing_branches": [[218, 226], [226, 227], [226, 236]]}, "SystemDiagnostic.check_required_packages": {"executed_lines": [256, 267, 268, 269, 270, 274, 275], "summary": {"covered_lines": 7, "num_statements": 10, "percent_covered": 71.42857142857143, "percent_covered_display": "71.43", "missing_lines": 3, "excluded_lines": 0, "num_branches": 4, "num_partial_branches": 1, "covered_branches": 3, "missing_branches": 1}, "missing_lines": [271, 272, 283], "excluded_lines": [], "executed_branches": [[268, 269], [268, 274], [274, 275]], "missing_branches": [[274, 283]]}, "SystemDiagnostic.check_optional_packages": {"executed_lines": [294, 300, 301, 302, 303, 304, 305, 306, 307, 309, 310, 311, 312, 313, 314, 319], "summary": {"covered_lines": 16, "num_statements": 18, "percent_covered": 88.46153846153847, "percent_covered_display": "88.46", "missing_lines": 2, "excluded_lines": 0, "num_branches": 8, "num_partial_branches": 1, "covered_branches": 7, "missing_branches": 1}, "missing_lines": [316, 317], "excluded_lines": [], "executed_branches": [[300, -292], [300, 301], [302, 303], [302, 309], [309, 310], [309, 312], [312, 313]], "missing_branches": [[312, 316]]}, "SystemDiagnostic.check_config_file": {"executed_lines": [334, 336, 337, 345], "summary": {"covered_lines": 4, "num_statements": 17, "percent_covered": 23.80952380952381, "percent_covered_display": "23.81", "missing_lines": 13, "excluded_lines": 0, "num_branches": 4, "num_partial_branches": 1, "covered_branches": 1, "missing_branches": 3}, "missing_lines": [348, 349, 351, 352, 355, 356, 358, 359, 368, 375, 376, 384, 385], "excluded_lines": [], "executed_branches": [[336, 337]], "missing_branches": [[336, 348], [358, 359], [358, 368]]}, "SystemDiagnostic.check_env_file": {"executed_lines": [395, 397, 398, 406], "summary": {"covered_lines": 4, "num_statements": 14, "percent_covered": 27.77777777777778, "percent_covered_display": "27.78", "missing_lines": 10, "excluded_lines": 0, "num_branches": 4, "num_partial_branches": 1, "covered_branches": 1, "missing_branches": 3}, "missing_lines": [408, 409, 410, 413, 414, 416, 417, 425, 433, 434], "excluded_lines": [], "executed_branches": [[397, 398]], "missing_branches": [[397, 408], [416, 417], [416, 425]]}, "SystemDiagnostic.check_database_directory": {"executed_lines": [444, 446, 447, 455], "summary": {"covered_lines": 4, "num_statements": 4, "percent_covered": 100.0, "percent_covered_display": "100.00", "missing_lines": 0, "excluded_lines": 0, "num_branches": 2, "num_partial_branches": 0, "covered_branches": 2, "missing_branches": 0}, "missing_lines": [], "excluded_lines": [], "executed_branches": [[446, 447], [446, 455]], "missing_branches": []}, "SystemDiagnostic.check_database_writable": {"executed_lines": [465, 467, 469, 472, 473, 474, 476, 483, 484], "summary": {"covered_lines": 9, "num_statements": 11, "percent_covered": 81.81818181818181, "percent_covered_display": "81.82", "missing_lines": 2, "excluded_lines": 0, "num_branches": 0, "num_partial_branches": 0, "covered_branches": 0, "missing_branches": 0}, "missing_lines": [492, 493], "excluded_lines": [], "executed_branches": [], "missing_branches": []}, "SystemDiagnostic.check_internet_connectivity": {"executed_lines": [503, 505, 506], "summary": {"covered_lines": 3, "num_statements": 5, "percent_covered": 60.0, "percent_covered_display": "60.00", "missing_lines": 2, "excluded_lines": 0, "num_branches": 0, "num_partial_branches": 0, "covered_branches": 0, "missing_branches": 0}, "missing_lines": [513, 514], "excluded_lines": [], "executed_branches": [], "missing_branches": []}, "SystemDiagnostic.check_ports_available": {"executed_lines": [525, 530, 531, 532, 533, 534], "summary": {"covered_lines": 6, "num_statements": 8, "percent_covered": 80.0, "percent_covered_display": "80.00", "missing_lines": 2, "excluded_lines": 0, "num_branches": 2, "num_partial_branches": 0, "covered_branches": 2, "missing_branches": 0}, "missing_lines": [541, 542], "excluded_lines": [], "executed_branches": [[530, -523], [530, 531]], "missing_branches": []}, "SystemDiagnostic.check_file_permissions": {"executed_lines": [553, 559, 560, 561, 562, 564, 565, 567, 570, 571], "summary": {"covered_lines": 10, "num_statements": 12, "percent_covered": 81.81818181818181, "percent_covered_display": "81.82", "missing_lines": 2, "excluded_lines": 0, "num_branches": 10, "num_partial_branches": 2, "covered_branches": 8, "missing_branches": 2}, "missing_lines": [568, 579], "excluded_lines": [], "executed_branches": [[560, 561], [560, 570], [561, 562], [561, 564], [564, 565], [564, 567], [567, 560], [570, 571]], "missing_branches": [[567, 568], [570, 579]]}, "SystemDiagnostic.print_results": {"executed_lines": [], "summary": {"covered_lines": 0, "num_statements": 39, "percent_covered": 0.0, "percent_covered_display": "0.00", "missing_lines": 39, "excluded_lines": 0, "num_branches": 24, "num_partial_branches": 0, "covered_branches": 0, "missing_branches": 24}, "missing_lines": [594, 595, 596, 599, 600, 601, 602, 605, 606, 607, 608, 609, 610, 611, 614, 615, 616, 617, 618, 619, 620, 623, 624, 625, 626, 627, 630, 631, 632, 633, 634, 637, 638, 641, 643, 644, 645, 646, 650], "excluded_lines": [], "executed_branches": [], "missing_branches": [[605, 606], [605, 614], [607, 608], [607, 611], [609, 607], [609, 610], [614, 615], [614, 623], [616, 617], [616, 620], [618, 616], [618, 619], [623, 624], [623, 630], [625, 626], [625, 627], [630, 631], [630, 637], [632, 633], [632, 634], [643, 644], [643, 645], [645, 646], [645, 650]]}, "run_diagnostics": {"executed_lines": [], "summary": {"covered_lines": 0, "num_statements": 4, "percent_covered": 0.0, "percent_covered_display": "0.00", "missing_lines": 4, "excluded_lines": 0, "num_branches": 0, "num_partial_branches": 0, "covered_branches": 0, "missing_branches": 0}, "missing_lines": [662, 663, 664, 665], "excluded_lines": [], "executed_branches": [], "missing_branches": []}, "": {"executed_lines": [1, 24, 25, 26, 27, 28, 29, 30, 32, 34, 37, 38, 40, 41, 42, 43, 46, 47, 49, 58, 95, 108, 149, 210, 253, 292, 332, 393, 442, 463, 501, 523, 551, 588, 653], "summary": {"covered_lines": 32, "num_statements": 32, "percent_covered": 100.0, "percent_covered_display": "100.00", "missing_lines": 0, "excluded_lines": 0, "num_branches": 0, "num_partial_branches": 0, "covered_branches": 0, "missing_branches": 0}, "missing_lines": [], "excluded_lines": [], "executed_branches": [], "missing_branches": []}}, "classes": {"DiagnosticResult": {"executed_lines": [], "summary": {"covered_lines": 0, "num_statements": 0, "percent_covered": 100.0, "percent_covered_display": "100.00", "missing_lines": 0, "excluded_lines": 0, "num_branches": 0, "num_partial_branches": 0, "covered_branches": 0, "missing_branches": 0}, "missing_lines": [], "excluded_lines": [], "executed_branches": [], "missing_branches": []}, "SystemDiagnostic": {"executed_lines": [55, 56, 64, 66, 69, 70, 71, 74, 75, 78, 79, 82, 83, 86, 87, 90, 92, 93, 101, 102, 103, 104, 106, 110, 111, 112, 114, 115, 151, 152, 153, 155, 184, 185, 212, 213, 215, 216, 218, 219, 244, 245, 256, 267, 268, 269, 270, 274, 275, 294, 300, 301, 302, 303, 304, 305, 306, 307, 309, 310, 311, 312, 313, 314, 319, 334, 336, 337, 345, 395, 397, 398, 406, 444, 446, 447, 455, 465, 467, 469, 472, 473, 474, 476, 483, 484, 503, 505, 506, 525, 530, 531, 532, 533, 534, 553, 559, 560, 561, 562, 564, 565, 567, 570, 571], "summary": {"covered_lines": 105, "num_statements": 198, "percent_covered": 49.25925925925926, "percent_covered_display": "49.26", "missing_lines": 93, "excluded_lines": 0, "num_branches": 72, "num_partial_branches": 10, "covered_branches": 28, "missing_branches": 44}, "missing_lines": [122, 123, 132, 140, 141, 157, 158, 159, 160, 168, 176, 177, 193, 201, 202, 226, 227, 236, 271, 272, 283, 316, 317, 348, 349, 351, 352, 355, 356, 358, 359, 368, 375, 376, 384, 385, 408, 409, 410, 413, 414, 416, 417, 425, 433, 434, 492, 493, 513, 514, 541, 542, 568, 579, 594, 595, 596, 599, 600, 601, 602, 605, 606, 607, 608, 609, 610, 611, 614, 615, 616, 617, 618, 619, 620, 623, 624, 625, 626, 627, 630, 631, 632, 633, 634, 637, 638, 641, 643, 644, 645, 646, 650], "excluded_lines": [], "executed_branches": [[114, 115], [155, 184], [184, 185], [218, 219], [268, 269], [268, 274], [274, 275], [300, -292], [300, 301], [302, 303], [302, 309], [309, 310], [309, 312], [312, 313], [336, 337], [397, 398], [446, 447], [446, 455], [530, -523], [530, 531], [560, 561], [560, 570], [561, 562], [561, 564], [564, 565], [564, 567], [567, 560], [570, 571]], "missing_branches": [[114, 122], [122, 123], [122, 132], [155, 157], [159, 160], [159, 168], [184, 193], [218, 226], [226, 227], [226, 236], [274, 283], [312, 316], [336, 348], [358, 359], [358, 368], [397, 408], [416, 417], [416, 425], [567, 568], [570, 579], [605, 606], [605, 614], [607, 608], [607, 611], [609, 607], [609, 610], [614, 615], [614, 623], [616, 617], [616, 620], [618, 616], [618, 619], [623, 624], [623, 630], [625, 626], [625, 627], [630, 631], [630, 637], [632, 633], [632, 634], [643, 644], [643, 645], [645, 646], [645, 650]]}, "": {"executed_lines": [1, 24, 25, 26, 27, 28, 29, 30, 32, 34, 37, 38, 40, 41, 42, 43, 46, 47, 49, 58, 95, 108, 149, 210, 253, 292, 332, 393, 442, 463, 501, 523, 551, 588, 653], "summary": {"covered_lines": 32, "num_statements": 36, "percent_covered": 88.88888888888889, "percent_covered_display": "88.89", "missing_lines": 4, "excluded_lines": 0, "num_branches": 0, "num_partial_branches": 0, "covered_branches": 0, "missing_branches": 0}, "missing_lines": [662, 663, 664, 665], "excluded_lines": [], "executed_branches": [], "missing_branches": []}}}, "deploy/common/app/src/jsa/error_formatter.py": {"executed_lines": [1, 7, 8, 11, 12, 14, 15, 26, 27, 29, 38, 39, 46, 47, 55, 56, 70, 80, 82, 83, 94, 101, 102, 111, 121, 135, 137, 138, 202, 203, 268, 269], "summary": {"covered_lines": 30, "num_statements": 60, "percent_covered": 44.44444444444444, "percent_covered_display": "44.44", "missing_lines": 30, "excluded_lines": 0, "num_branches": 30, "num_partial_branches": 2, "covered_branches": 10, "missing_branches": 20}, "missing_lines": [112, 122, 149, 157, 158, 171, 172, 184, 192, 194, 196, 198, 200, 215, 222, 223, 225, 226, 239, 240, 251, 252, 266, 279, 287, 288, 298, 299, 310, 319], "excluded_lines": [], "executed_branches": [[38, 39], [38, 46], [46, 47], [46, 55], [55, 56], [55, 70], [101, 102], [101, 111], [111, 121], [121, 135]], "missing_branches": [[111, 112], [121, 122], [157, 158], [157, 171], [171, 172], [171, 184], [192, 194], [192, 196], [222, 223], [222, 225], [225, 226], [225, 239], [239, 240], [239, 251], [251, 252], [251, 266], [287, 288], [287, 298], [298, 299], [298, 310]], "functions": {"ErrorFormatter.format_config_error": {"executed_lines": [26, 27, 29, 38, 39, 46, 47, 55, 56, 70, 80], "summary": {"covered_lines": 11, "num_statements": 11, "percent_covered": 100.0, "percent_covered_display": "100.00", "missing_lines": 0, "excluded_lines": 0, "num_branches": 6, "num_partial_branches": 0, "covered_branches": 6, "missing_branches": 0}, "missing_lines": [], "excluded_lines": [], "executed_branches": [[38, 39], [38, 46], [46, 47], [46, 55], [55, 56], [55, 70]], "missing_branches": []}, "ErrorFormatter.format_install_error": {"executed_lines": [94, 101, 102, 111, 121, 135], "summary": {"covered_lines": 6, "num_statements": 8, "percent_covered": 71.42857142857143, "percent_covered_display": "71.43", "missing_lines": 2, "excluded_lines": 0, "num_branches": 6, "num_partial_branches": 2, "covered_branches": 4, "missing_branches": 2}, "missing_lines": [112, 122], "excluded_lines": [], "executed_branches": [[101, 102], [101, 111], [111, 121], [121, 135]], "missing_branches": [[111, 112], [121, 122]]}, "ErrorFormatter.format_slack_error": {"executed_lines": [], "summary": {"covered_lines": 0, "num_statements": 11, "percent_covered": 0.0, "percent_covered_display": "0.00", "missing_lines": 11, "excluded_lines": 0, "num_branches": 6, "num_partial_branches": 0, "covered_branches": 0, "missing_branches": 6}, "missing_lines": [149, 157, 158, 171, 172, 184, 192, 194, 196, 198, 200], "excluded_lines": [], "executed_branches": [], "missing_branches": [[157, 158], [157, 171], [171, 172], [171, 184], [192, 194], [192, 196]]}, "ErrorFormatter.format_scraper_error": {"executed_lines": [], "summary": {"covered_lines": 0, "num_statements": 10, "percent_covered": 0.0, "percent_covered_display": "0.00", "missing_lines": 10, "excluded_lines": 0, "num_branches": 8, "num_partial_branches": 0, "covered_branches": 0, "missing_branches": 8}, "missing_lines": [215, 222, 223, 225, 226, 239, 240, 251, 252, 266], "excluded_lines": [], "executed_branches": [], "missing_branches": [[222, 223], [222, 225], [225, 226], [225, 239], [239, 240], [239, 251], [251, 252], [251, 266]]}, "ErrorFormatter.format_database_error": {"executed_lines": [], "summary": {"covered_lines": 0, "num_statements": 7, "percent_covered": 0.0, "percent_covered_display": "0.00", "missing_lines": 7, "excluded_lines": 0, "num_branches": 4, "num_partial_branches": 0, "covered_branches": 0, "missing_branches": 4}, "missing_lines": [279, 287, 288, 298, 299, 310, 319], "excluded_lines": [], "executed_branches": [], "missing_branches": [[287, 288], [287, 298], [298, 299], [298, 310]]}, "": {"executed_lines": [1, 7, 8, 11, 12, 14, 15, 82, 83, 137, 138, 202, 203, 268, 269], "summary": {"covered_lines": 13, "num_statements": 13, "percent_covered": 100.0, "percent_covered_display": "100.00", "missing_lines": 0, "excluded_lines": 0, "num_branches": 0, "num_partial_branches": 0, "covered_branches": 0, "missing_branches": 0}, "missing_lines": [], "excluded_lines": [], "executed_branches": [], "missing_branches": []}}, "classes": {"ErrorFormatter": {"executed_lines": [26, 27, 29, 38, 39, 46, 47, 55, 56, 70, 80, 94, 101, 102, 111, 121, 135], "summary": {"covered_lines": 17, "num_statements": 47, "percent_covered": 35.064935064935064, "percent_covered_display": "35.06", "missing_lines": 30, "excluded_lines": 0, "num_branches": 30, "num_partial_branches": 2, "covered_branches": 10, "missing_branches": 20}, "missing_lines": [112, 122, 149, 157, 158, 171, 172, 184, 192, 194, 196, 198, 200, 215, 222, 223, 225, 226, 239, 240, 251, 252, 266, 279, 287, 288, 298, 299, 310, 319], "excluded_lines": [], "executed_branches": [[38, 39], [38, 46], [46, 47], [46, 55], [55, 56], [55, 70], [101, 102], [101, 111], [111, 121], [121, 135]], "missing_branches": [[111, 112], [121, 122], [157, 158], [157, 171], [171, 172], [171, 184], [192, 194], [192, 196], [222, 223], [222, 225], [225, 226], [225, 239], [239, 240], [239, 251], [251, 252], [251, 266], [287, 288], [287, 298], [298, 299], [298, 310]]}, "": {"executed_lines": [1, 7, 8, 11, 12, 14, 15, 82, 83, 137, 138, 202, 203, 268, 269], "summary": {"covered_lines": 13, "num_statements": 13, "percent_covered": 100.0, "percent_covered_display": "100.00", "missing_lines": 0, "excluded_lines": 0, "num_branches": 0, "num_partial_branches": 0, "covered_branches": 0, "missing_branches": 0}, "missing_lines": [], "excluded_lines": [], "executed_branches": [], "missing_branches": []}}}, "deploy/common/app/src/jsa/errors.py": {"executed_lines": [1, 8, 10, 22], "summary": {"covered_lines": 3, "num_statements": 3, "percent_covered": 100.0, "percent_covered_display": "100.00", "missing_lines": 0, "excluded_lines": 0, "num_branches": 0, "num_partial_branches": 0, "covered_branches": 0, "missing_branches": 0}, "missing_lines": [], "excluded_lines": [], "executed_branches": [], "missing_branches": [], "functions": {"": {"executed_lines": [1, 8, 10, 22], "summary": {"covered_lines": 3, "num_statements": 3, "percent_covered": 100.0, "percent_covered_display": "100.00", "missing_lines": 0, "excluded_lines": 0, "num_branches": 0, "num_partial_branches": 0, "covered_branches": 0, "missing_branches": 0}, "missing_lines": [], "excluded_lines": [], "executed_branches": [], "missing_branches": []}}, "classes": {"": {"executed_lines": [1, 8, 10, 22], "summary": {"covered_lines": 3, "num_statements": 3, "percent_covered": 100.0, "percent_covered_display": "100.00", "missing_lines": 0, "excluded_lines": 0, "num_branches": 0, "num_partial_branches": 0, "covered_branches": 0, "missing_branches": 0}, "missing_lines": [], "excluded_lines": [], "executed_branches": [], "missing_branches": []}}}, "deploy/common/app/src/jsa/fastapi_app/__init__.py": {"executed_lines": [1, 8, 10, 12, 13], "summary": {"covered_lines": 4, "num_statements": 4, "percent_covered": 100.0, "percent_covered_display": "100.00", "missing_lines": 0, "excluded_lines": 0, "num_branches": 0, "num_partial_branches": 0, "covered_branches": 0, "missing_branches": 0}, "missing_lines": [], "excluded_lines": [], "executed_branches": [], "missing_branches": [], "functions": {"": {"executed_lines": [1, 8, 10, 12, 13], "summary": {"covered_lines": 4, "num_statements": 4, "percent_covered": 100.0, "percent_covered_display": "100.00", "missing_lines": 0, "excluded_lines": 0, "num_branches": 0, "num_partial_branches": 0, "covered_branches": 0, "missing_branches": 0}, "missing_lines": [], "excluded_lines": [], "executed_branches": [], "missing_branches": []}}, "classes": {"": {"executed_lines": [1, 8, 10, 12, 13], "summary": {"covered_lines": 4, "num_statements": 4, "percent_covered": 100.0, "percent_covered_display": "100.00", "missing_lines": 0, "excluded_lines": 0, "num_branches": 0, "num_partial_branches": 0, "covered_branches": 0, "missing_branches": 0}, "missing_lines": [], "excluded_lines": [], "executed_branches": [], "missing_branches": []}}}, "deploy/common/app/src/jsa/fastapi_app/app.py": {"executed_lines": [1, 17, 19, 20, 21, 22, 24, 25, 26, 27, 28, 30, 33, 34, 36, 37, 38, 39, 42, 48, 49, 51, 66, 67, 68, 69, 72, 75, 76, 77, 82, 85, 86, 92, 95, 96, 99, 100, 104, 111, 114, 117, 128, 129, 13
[...]
, "num_partial_branches": 0, "covered_branches": 0, "missing_branches": 0}, "missing_lines": [], "excluded_lines": [], "executed_branches": [], "missing_branches": []}}, "classes": {"": {"executed_lines": [1, 7, 9, 11, 12, 14, 15, 16, 18, 20, 23, 24, 44, 45, 72, 73, 115, 116, 160, 161, 200, 201, 244, 245, 263, 264], "summary": {"covered_lines": 25, "num_statements": 107, "percent_covered": 21.008403361344538, "percent_covered_display": "21.01", "missing_lines": 82, "excluded_lines": 0, "num_branches": 12, "num_partial_branches": 0, "covered_branches": 0, "missing_branches": 12}, "missing_lines": [31, 32, 35, 37, 55, 56, 57, 59, 60, 62, 64, 83, 84, 85, 87, 88, 89, 90, 92, 93, 94, 95, 97, 107, 108, 109, 110, 111, 112, 126, 127, 128, 130, 131, 132, 133, 134, 135, 137, 138, 139, 140, 142, 152, 153, 154, 155, 156, 157, 171, 172, 173, 175, 177, 178, 179, 180, 182, 192, 193, 194, 195, 196, 197, 211, 212, 213, 215, 216, 217, 219, 229, 240, 241, 252, 253, 254, 256, 271, 272, 273, 275], "excluded_lines": [], "executed_branches": [], "missing_branches": [[59, 60], [59, 62], [84, 85], [84, 87], [127, 128], [127, 130], [132, 133], [132, 137], [172, 173], [172, 175], [212, 213], [212, 215]]}}}, "deploy/common/app/src/jsa/web/middleware.py": {"executed_lines": [1, 5, 7, 8, 9, 10, 11, 13, 17, 20, 28, 29, 31, 32, 35, 36, 39, 42, 43, 45, 50, 63, 65, 68, 122], "summary": {"covered_lines": 24, "num_statements": 40, "percent_covered": 58.69565217391305, "percent_covered_display": "58.70", "missing_lines": 16, "excluded_lines": 0, "num_branches": 6, "num_partial_branches": 1, "covered_branches": 3, "missing_branches": 3}, "missing_lines": [51, 85, 86, 87, 88, 89, 91, 92, 95, 100, 101, 113, 115, 117, 119, 128], "excluded_lines": [], "executed_branches": [[35, 36], [35, 39], [50, 63]], "missing_branches": [[50, 51], [100, 101], [100, 113]], "functions": {"setup_rate_limiting": {"executed_lines": [28, 29, 31, 32], "summary": {"covered_lines": 4, "num_statements": 4, "percent_covered": 100.0, "percent_covered_display": "100.00", "missing_lines": 0, "excluded_lines": 0, "num_branches": 0, "num_partial_branches": 0, "covered_branches": 0, "missing_branches": 0}, "missing_lines": [], "excluded_lines": [], "executed_branches": [], "missing_branches": []}, "setup_rate_limiting.rate_limit_check": {"executed_lines": [35, 36, 39, 42, 43, 45, 50, 63, 65], "summary": {"covered_lines": 9, "num_statements": 10, "percent_covered": 85.71428571428571, "percent_covered_display": "85.71", "missing_lines": 1, "excluded_lines": 0, "num_branches": 4, "num_partial_branches": 1, "covered_branches": 3, "missing_branches": 1}, "missing_lines": [51], "excluded_lines": [], "executed_branches": [[35, 36], [35, 39], [50, 63]], "missing_branches": [[50, 51]]}, "rate_limit": {"executed_lines": [], "summary": {"covered_lines": 0, "num_statements": 3, "percent_covered": 0.0, "percent_covered_display": "0.00", "missing_lines": 3, "excluded_lines": 0, "num_branches": 0, "num_partial_branches": 0, "covered_branches": 0, "missing_branches": 0}, "missing_lines": [85, 86, 119], "excluded_lines": [], "executed_branches": [], "missing_branches": []}, "rate_limit.decorator": {"executed_lines": [], "summary": {"covered_lines": 0, "num_statements": 2, "percent_covered": 0.0, "percent_covered_display": "0.00", "missing_lines": 2, "excluded_lines": 0, "num_branches": 0, "num_partial_branches": 0, "covered_branches": 0, "missing_branches": 0}, "missing_lines": [87, 117], "excluded_lines": [], "executed_branches": [], "missing_branches": []}, "rate_limit.decorator.wrapped": {"executed_lines": [], "summary": {"covered_lines": 0, "num_statements": 9, "percent_covered": 0.0, "percent_covered_display": "0.00", "missing_lines": 9, "excluded_lines": 0, "num_branches": 2, "num_partial_branches": 0, "covered_branches": 0, "missing_branches": 2}, "missing_lines": [88, 89, 91, 92, 95, 100, 101, 113, 115], "excluded_lines": [], "executed_branches": [], "missing_branches": [[100, 101], [100, 113]]}, "clear_rate_limits": {"executed_lines": [], "summary": {"covered_lines": 0, "num_statements": 1, "percent_covered": 0.0, "percent_covered_display": "0.00", "missing_lines": 1, "excluded_lines": 0, "num_branches": 0, "num_partial_branches": 0, "covered_branches": 0, "missing_branches": 0}, "missing_lines": [128], "excluded_lines": [], "executed_branches": [], "missing_branches": []}, "": {"executed_lines": [1, 5, 7, 8, 9, 10, 11, 13, 17, 20, 68, 122], "summary": {"covered_lines": 11, "num_statements": 11, "percent_covered": 100.0, "percent_covered_display": "100.00", "missing_lines": 0, "excluded_lines": 0, "num_branches": 0, "num_partial_branches": 0, "covered_branches": 0, "missing_branches": 0}, "missing_lines": [], "excluded_lines": [], "executed_branches": [], "missing_branches": []}}, "classes": {"": {"executed_lines": [1, 5, 7, 8, 9, 10, 11, 13, 17, 20, 28, 29, 31, 32, 35, 36, 39, 42, 43, 45, 50, 63, 65, 68, 122], "summary": {"covered_lines": 24, "num_statements": 40, "percent_covered": 58.69565217391305, "percent_covered_display": "58.70", "missing_lines": 16, "excluded_lines": 0, "num_branches": 6, "num_partial_branches": 1, "covered_branches": 3, "missing_branches": 3}, "missing_lines": [51, 85, 86, 87, 88, 89, 91, 92, 95, 100, 101, 113, 115, 117, 119, 128], "excluded_lines": [], "executed_branches": [[35, 36], [35, 39], [50, 63]], "missing_branches": [[50, 51], [100, 101], [100, 113]]}}}, "deploy/common/app/src/jsa/windows_precheck.py": {"executed_lines": [], "summary": {"covered_lines": 0, "num_statements": 146, "percent_covered": 0.0, "percent_covered_display": "0.00", "missing_lines": 146, "excluded_lines": 2, "num_branches": 36, "num_partial_branches": 0, "covered_branches": 0, "missing_branches": 36}, "missing_lines": [19, 20, 21, 22, 23, 24, 25, 26, 29, 30, 33, 34, 35, 36, 37, 38, 41, 45, 46, 47, 48, 49, 51, 58, 59, 61, 63, 65, 66, 76, 77, 79, 80, 87, 96, 97, 104, 106, 107, 109, 110, 117, 130, 132, 133, 134, 136, 137, 144, 156, 157, 164, 166, 168, 169, 175, 176, 189, 191, 193, 194, 195, 197, 203, 204, 218, 220, 221, 224, 225, 227, 228, 235, 243, 245, 251, 252, 259, 261, 263, 264, 265, 266, 267, 268, 270, 271, 278, 291, 298, 308, 309, 310, 311, 312, 313, 315, 317, 324, 325, 326, 327, 328, 331, 333, 334, 335, 336, 338, 340, 342, 345, 346, 347, 350, 351, 352, 354, 355, 357, 358, 361, 362, 363, 364, 365, 367, 368, 369, 370, 371, 372, 373, 375, 376, 377, 379, 386, 389, 391, 392, 393, 395, 396, 397, 399], "excluded_lines": [402, 403], "executed_branches": [], "missing_branches": [[65, 66], [65, 76], [79, 80], [79, 87], [109, 110], [109, 117], [136, 137], [136, 144], [227, 228], [227, 235], [263, 264], [263, 270], [270, 271], [270, 278], [309, 310], [309, 315], [310, 311], [310, 312], [331, 333], [331, 342], [333, 334], [333, 335], [335, 336], [335, 338], [350, 351], [350, 357], [351, 352], [351, 354], [361, 362], [361, 375], [367, 368], [367, 375], [368, 367], [368, 369], [372, 367], [372, 373]], "functions": {"WindowsPreCheck.__init__": {"executed_lines": [], "summary": {"covered_lines": 0, "num_statements": 2, "percent_covered": 0.0, "percent_covered_display": "0.00", "missing_lines": 2, "excluded_lines": 0, "num_branches": 0, "num_partial_branches": 0, "covered_branches": 0, "missing_branches": 0}, "missing_lines": [58, 59], "excluded_lines": [], "executed_branches": [], "missing_branches": []}, "WindowsPreCheck.check_windows_version": {"executed_lines": [], "summary": {"covered_lines": 0, "num_statements": 10, "percent_covered": 0.0, "percent_covered_display": "0.00", "missing_lines": 10, "excluded_lines": 0, "num_branches": 4, "num_partial_branches": 0, "covered_branches": 0, "missing_branches": 4}, "missing_lines": [63, 65, 66, 76, 77, 79, 80, 87, 96, 97], "excluded_lines": [], "executed_branches": [], "missing_branches": [[65, 66], [65, 76], [79, 80], [79, 87]]}, "WindowsPreCheck.check_python_version": {"executed_lines": [], "summary": {"covered_lines": 0, "num_statements": 5, "percent_covered": 0.0, "percent_covered_display": "0.00", "missing_lines": 5, "excluded_lines": 0, "num_branches": 2, "num_partial_branches": 0, "covered_branches": 0, "missing_branches": 2}, "missing_lines": [106, 107, 109, 110, 117], "excluded_lines": [], "executed_branches": [], "missing_branches": [[109, 110], [109, 117]]}, "WindowsPreCheck.check_disk_space": {"executed_lines": [], "summary": {"covered_lines": 0, "num_statements": 8, "percent_covered": 0.0, "percent_covered_display": "0.00", "missing_lines": 8, "excluded_lines": 0, "num_branches": 2, "num_partial_branches": 0, "covered_branches": 0, "missing_branches": 2}, "missing_lines": [132, 133, 134, 136, 137, 144, 156, 157], "excluded_lines": [], "executed_branches": [], "missing_branches": [[136, 137], [136, 144]]}, "WindowsPreCheck.check_internet_connection": {"executed_lines": [], "summary": {"covered_lines": 0, "num_statements": 5, "percent_covered": 0.0, "percent_covered_display": "0.00", "missing_lines": 5, "excluded_lines": 0, "num_branches": 0, "num_partial_branches": 0, "covered_branches": 0, "missing_branches": 0}, "missing_lines": [166, 168, 169, 175, 176], "excluded_lines": [], "executed_branches": [], "missing_branches": []}, "WindowsPreCheck.check_write_permissions": {"executed_lines": [], "summary": {"covered_lines": 0, "num_statements": 7, "percent_covered": 0.0, "percent_covered_display": "0.00", "missing_lines": 7, "excluded_lines": 0, "num_branches": 0, "num_partial_branches": 0, "covered_branches": 0, "missing_branches": 0}, "missing_lines": [191, 193, 194, 195, 197, 203, 204], "excluded_lines": [], "executed_branches": [], "missing_branches": []}, "WindowsPreCheck.check_memory": {"executed_lines": [], "summary": {"covered_lines": 0, "num_statements": 11, "percent_covered": 0.0, "percent_covered_display": "0.00", "missing_lines": 11, "excluded_lines": 0, "num_branches": 2, "num_partial_branches": 0, "covered_branches": 0, "missing_branches": 2}, "missing_lines": [220, 221, 224, 225, 227, 228, 235, 243, 245, 251, 252], "excluded_lines": [], "executed_branches": [], "missing_branches": [[227, 228], [227, 235]]}, "WindowsPreCheck.check_ports_available": {"executed_lines": [], "summary": {"covered_lines": 0, "num_statements": 10, "percent_covered": 0.0, "percent_covered_display": "0.00", "missing_lines": 10, "excluded_lines": 0, "num_branches": 4, "num_partial_branches": 0, "covered_branches": 0, "missing_branches": 4}, "missing_lines": [261, 263, 264, 265, 266, 267, 268, 270, 271, 278], "excluded_lines": [], "executed_branches": [], "missing_branches": [[263, 264], [263, 270], [270, 271], [270, 278]]}, "WindowsPreCheck.run_all_checks": {"executed_lines": [], "summary": {"covered_lines": 0, "num_statements": 8, "percent_covered": 0.0, "percent_covered_display": "0.00", "missing_lines": 8, "excluded_lines": 0, "num_branches": 4, "num_partial_branches": 0, "covered_branches": 0, "missing_branches": 4}, "missing_lines": [298, 308, 309, 310, 311, 312, 313, 315], "excluded_lines": [], "executed_branches": [], "missing_branches": [[309, 310], [309, 315], [310, 311], [310, 312]]}, "WindowsPreCheck.print_results": {"executed_lines": [], "summary": {"covered_lines": 0, "num_statements": 38, "percent_covered": 0.0, "percent_covered_display": "0.00", "missing_lines": 38, "excluded_lines": 0, "num_branches": 18, "num_partial_branches": 0, "covered_branches": 0, "missing_branches": 18}, "missing_lines": [324, 325, 326, 327, 328, 331, 333, 334, 335, 336, 338, 340, 342, 345, 346, 347, 350, 351, 352, 354, 355, 357, 358, 361, 362, 363, 364, 365, 367, 368, 369, 370, 371, 372, 373, 375, 376, 377], "excluded_lines": [], "executed_branches": [], "missing_branches": [[331, 333], [331, 342], [333, 334], [333, 335], [335, 336], [335, 338], [350, 351], [350, 357], [351, 352], [351, 354], [361, 362], [361, 375], [367, 368], [367, 375], [368, 367], [368, 369], [372, 367], [372, 373]]}, "WindowsPreCheck.can_proceed": {"executed_lines": [], "summary": {"covered_lines": 0, "num_statements": 1, "percent_covered": 0.0, "percent_covered_display": "0.00", "missing_lines": 1, "excluded_lines": 0, "num_branches": 0, "num_partial_branches": 0, "covered_branches": 0, "missing_branches": 0}, "missing_lines": [386], "excluded_lines": [], "executed_branches": [], "missing_branches": []}, "main": {"executed_lines": [], "summary": {"covered_lines": 0, "num_statements": 7, "percent_covered": 0.0, "percent_covered_display": "0.00", "missing_lines": 7, "excluded_lines": 0, "num_branches": 0, "num_partial_branches": 0, "covered_branches": 0, "missing_branches": 0}, "missing_lines": [391, 392, 393, 395, 396, 397, 399], "excluded_lines": [], "executed_branches": [], "missing_branches": []}, "": {"executed_lines": [], "summary": {"covered_lines": 0, "num_statements": 34, "percent_covered": 0.0, "percent_covered_display": "0.00", "missing_lines": 34, "excluded_lines": 2, "num_branches": 0, "num_partial_branches": 0, "covered_branches": 0, "missing_branches": 0}, "missing_lines": [19, 20, 21, 22, 23, 24, 25, 26, 29, 30, 33, 34, 35, 36, 37, 38, 41, 45, 46, 47, 48, 49, 51, 61, 104, 130, 164, 189, 218, 259, 291, 317, 379, 389], "excluded_lines": [402, 403], "executed_branches": [], "missing_branches": []}}, "classes": {"CheckResult": {"executed_lines": [], "summary": {"covered_lines": 0, "num_statements": 0, "percent_covered": 100.0, "percent_covered_display": "100.00", "missing_lines": 0, "excluded_lines": 0, "num_branches": 0, "num_partial_branches": 0, "covered_branches": 0, "missing_branches": 0}, "missing_lines": [], "excluded_lines": [], "executed_branches": [], "missing_branches": []}, "WindowsPreCheck": {"executed_lines": [], "summary": {"covered_lines": 0, "num_statements": 105, "percent_covered": 0.0, "percent_covered_display": "0.00", "missing_lines": 105, "excluded_lines": 0, "num_branches": 36, "num_partial_branches": 0, "covered_branches": 0, "missing_branches": 36}, "missing_lines": [58, 59, 63, 65, 66, 76, 77, 79, 80, 87, 96, 97, 106, 107, 109, 110, 117, 132, 133, 134, 136, 137, 144, 156, 157, 166, 168, 169, 175, 176, 191, 193, 194, 195, 197, 203, 204, 220, 221, 224, 225, 227, 228, 235, 243, 245, 251, 252, 261, 263, 264, 265, 266, 267, 268, 270, 271, 278, 298, 308, 309, 310, 311, 312, 313, 315, 324, 325, 326, 327, 328, 331, 333, 334, 335, 336, 338, 340, 342, 345, 346, 347, 350, 351, 352, 354, 355, 357, 358, 361, 362, 363, 364, 365, 367, 368, 369, 370, 371, 372, 373, 375, 376, 377, 386], "excluded_lines": [], "executed_branches": [], "missing_branches": [[65, 66], [65, 76], [79, 80], [79, 87], [109, 110], [109, 117], [136, 137], [136, 144], [227, 228], [227, 235], [263, 264], [263, 270], [270, 271], [270, 278], [309, 310], [309, 315], [310, 311], [310, 312], [331, 333], [331, 342], [333, 334], [333, 335], [335, 336], [335, 338], [350, 351], [350, 357], [351, 352], [351, 354], [361, 362], [361, 375], [367, 368], [367, 375], [368, 367], [368, 369], [372, 367], [372, 373]]}, "": {"executed_lines": [], "summary": {"covered_lines": 0, "num_statements": 41, "percent_covered": 0.0, "percent_covered_display": "0.00", "missing_lines": 41, "excluded_lines": 2, "num_branches": 0, "num_partial_branches": 0, "covered_branches": 0, "missing_branches": 0}, "missing_lines": [19, 20, 21, 22, 23, 24, 25, 26, 29, 30, 33, 34, 35, 36, 37, 38, 41, 45, 46, 47, 48, 49, 51, 61, 104, 130, 164, 189, 218, 259, 291, 317, 379, 389, 391, 392, 393, 395, 396, 397, 399], "excluded_lines": [402, 403], "executed_branches": [], "missing_branches": []}}}, "deploy/common/app/src/jsa/windows_shortcuts.py": {"executed_lines": [], "summary": {"covered_lines": 0, "num_statements": 72, "percent_covered": 0.0, "percent_covered_display": "0.00", "missing_lines": 72, "excluded_lines": 2, "num_branches": 16, "num_partial_branches": 0, "covered_branches": 0, "missing_branches": 16}, "missing_lines": [14, 15, 16, 19, 42, 43, 45, 46, 49, 50, 53, 54, 56, 57, 58, 59, 61, 62, 64, 65, 67, 69, 70, 71, 72, 75, 93, 94, 95, 98, 104, 106, 107, 108, 109, 110, 113, 116, 117, 119, 120, 121, 124, 135, 138, 166, 167, 168, 175, 177, 180, 183, 185, 186, 187, 189, 192, 193, 194, 195, 198, 199, 201, 202, 203, 204, 205, 207, 208, 209, 210, 212], "excluded_lines": [215, 216], "executed_branches": [], "missing_branches": [[42, 43], [42, 45], [61, 62], [61, 64], [104, 106], [104, 113], [107, 108], [107, 109], [167, 168], [167, 177], [193, 194], [193, 198], [202, 203], [202, 204], [204, 205], [204, 207]], "functions": {"create_desktop_shortcut": {"executed_lines": [], "summary": {"covered_lines": 0, "num_statements": 21, "percent_covered": 0.0, "percent_covered_display": "0.00", "missing_lines": 21, "excluded_lines": 0, "num_branches": 4, "num_partial_branches": 0, "covered_branches": 0, "missing_branches": 4}, "missing_lines": [42, 43, 45, 46, 49, 50, 53, 54, 56, 57, 58, 59, 61, 62, 64, 65, 67, 69, 70, 71, 72], "excluded_lines": [], "executed_branches": [], "missing_branches": [[42, 43], [42, 45], [61, 62], [61, 64]]}, "_create_batch_shortcut": {"executed_lines": [], "summary": {"covered_lines": 0, "num_statements": 16, "percent_covered": 0.0, "percent_covered_display": "0.00", "missing_lines": 16, "excluded_lines": 0, "num_branches": 4, "num_partial_branches": 0, "covered_branches": 0, "missing_branches": 4}, "missing_lines": [93, 94, 95, 98, 104, 106, 107, 108, 109, 110, 113, 116, 117, 119, 120, 121], "excluded_lines": [], "executed_branches": [], "missing_branches": [[104, 106], [104, 113], [107, 108], [107, 109]]}, "create_jobsentinel_shortcuts": {"executed_lines": [], "summary": {"covered_lines": 0, "num_statements": 7, "percent_covered": 0.0, "percent_covered_display": "0.00", "missing_lines": 7, "excluded_lines": 0, "num_branches": 2, "num_partial_branches": 0, "covered_branches": 0, "missing_branches": 2}, "missing_lines": [135, 138, 166, 167, 168, 175, 177], "excluded_lines": [], "executed_branches": [], "missing_branches": [[167, 168], [167, 177]]}, "main": {"executed_lines": [], "summary": {"covered_lines": 0, "num_statements": 21, "percent_covered": 0.0, "percent_covered_display": "0.00", "missing_lines": 21, "excluded_lines": 0, "num_branches": 6, "num_partial_branches": 0, "covered_branches": 0, "missing_branches": 6}, "missing_lines": [183, 185, 186, 187, 189, 192, 193, 194, 195, 198, 199, 201, 202, 203, 204, 205, 207, 208, 209, 210, 212], "excluded_lines": [], "executed_branches": [], "missing_branches": [[193, 194], [193, 198], [202, 203], [202, 204], [204, 205], [204, 207]]}, "": {"executed_lines": [], "summary": {"covered_lines": 0, "num_statements": 7, "percent_covered": 0.0, "percent_covered_display": "0.00", "missing_lines": 7, "excluded_lines": 2, "num_branches": 0, "num_partial_branches": 0, "covered_branches": 0, "missing_branches": 0}, "missing_lines": [14, 15, 16, 19, 75, 124, 180], "excluded_lines": [215, 216], "executed_branches": [], "missing_branches": []}}, "classes": {"": {"executed_lines": [], "summary": {"covered_lines": 0, "num_statements": 72, "percent_covered": 0.0, "percent_covered_display": "0.00", "missing_lines": 72, "excluded_lines": 2, "num_branches": 16, "num_partial_branches": 0, "covered_branches": 0, "missing_branches": 16}, "missing_lines": [14, 15, 16, 19, 42, 43, 45, 46, 49, 50, 53, 54, 56, 57, 58, 59, 61, 62, 64, 65, 67, 69, 70, 71, 72, 75, 93, 94, 95, 98, 104, 106, 107, 108, 109, 110, 113, 116, 117, 119, 120, 121, 124, 135, 138, 166, 167, 168, 175, 177, 180, 183, 185, 186, 187, 189, 192, 193, 194, 195, 198, 199, 201, 202, 203, 204, 205, 207, 208, 209, 210, 212], "excluded_lines": [215, 216], "executed_branches": [], "missing_branches": [[42, 43], [42, 45], [61, 62], [61, 64], [104, 106], [104, 113], [107, 108], [107, 109], [167, 168], [167, 177], [193, 194], [193, 198], [202, 203], [202, 204], [204, 205], [204, 207]]}}}}, "totals": {"covered_lines": 1953, "num_statements": 5217, "percent_covered": 34.70239050216589, "percent_covered_display": "34.70", "missing_lines": 3264, "excluded_lines": 26, "num_branches": 1016, "num_partial_branches": 54, "covered_branches": 210, "missing_branches": 806}}